[22-Mar-2022 06:03:40 UTC] PHP Fatal error:  Only variables can be passed by reference in /var/www/html/fb_wp/wp-content/plugins/sports/frontend/leaderboard_controller.php on line 205
[22-Mar-2022 06:04:18 UTC] PHP Notice:  Undefined offset: 8 in /var/www/html/fb_wp/wp-content/plugins/sports/frontend/leaderboard_controller.php on line 172
[22-Mar-2022 06:04:18 UTC] PHP Notice:  Undefined offset: 7 in /var/www/html/fb_wp/wp-content/plugins/sports/frontend/leaderboard_controller.php on line 172
[22-Mar-2022 06:04:18 UTC] PHP Notice:  Undefined offset: 8 in /var/www/html/fb_wp/wp-content/plugins/sports/frontend/leaderboard_controller.php on line 161
[22-Mar-2022 06:04:18 UTC] PHP Notice:  Trying to access array offset on value of type null in /var/www/html/fb_wp/wp-content/plugins/sports/frontend/leaderboard_controller.php on line 161
[22-Mar-2022 06:05:11 UTC] PHP Notice:  Undefined offset: 8 in /var/www/html/fb_wp/wp-content/plugins/sports/frontend/leaderboard_controller.php on line 172
[22-Mar-2022 06:05:11 UTC] PHP Notice:  Undefined offset: 7 in /var/www/html/fb_wp/wp-content/plugins/sports/frontend/leaderboard_controller.php on line 172
[22-Mar-2022 06:05:11 UTC] PHP Notice:  Undefined offset: 8 in /var/www/html/fb_wp/wp-content/plugins/sports/frontend/leaderboard_controller.php on line 161
[22-Mar-2022 06:05:11 UTC] PHP Notice:  Trying to access array offset on value of type null in /var/www/html/fb_wp/wp-content/plugins/sports/frontend/leaderboard_controller.php on line 161
[22-Mar-2022 06:05:20 UTC] PHP Notice:  Undefined offset: 8 in /var/www/html/fb_wp/wp-content/plugins/sports/frontend/leaderboard_controller.php on line 172
[22-Mar-2022 06:05:20 UTC] PHP Notice:  Undefined offset: 7 in /var/www/html/fb_wp/wp-content/plugins/sports/frontend/leaderboard_controller.php on line 172
[22-Mar-2022 06:05:20 UTC] PHP Notice:  Undefined offset: 8 in /var/www/html/fb_wp/wp-content/plugins/sports/frontend/leaderboard_controller.php on line 161
[22-Mar-2022 06:05:20 UTC] PHP Notice:  Trying to access array offset on value of type null in /var/www/html/fb_wp/wp-content/plugins/sports/frontend/leaderboard_controller.php on line 161
[22-Mar-2022 06:06:04 UTC] PHP Notice:  Undefined offset: 8 in /var/www/html/fb_wp/wp-content/plugins/sports/frontend/leaderboard_controller.php on line 172
[22-Mar-2022 06:06:04 UTC] PHP Notice:  Undefined offset: 7 in /var/www/html/fb_wp/wp-content/plugins/sports/frontend/leaderboard_controller.php on line 172
[22-Mar-2022 06:06:04 UTC] PHP Notice:  Undefined offset: 8 in /var/www/html/fb_wp/wp-content/plugins/sports/frontend/leaderboard_controller.php on line 161
[22-Mar-2022 06:06:04 UTC] PHP Notice:  Trying to access array offset on value of type null in /var/www/html/fb_wp/wp-content/plugins/sports/frontend/leaderboard_controller.php on line 161
[22-Mar-2022 06:07:07 UTC] PHP Notice:  Undefined offset: 8 in /var/www/html/fb_wp/wp-content/plugins/sports/frontend/leaderboard_controller.php on line 172
[22-Mar-2022 06:07:07 UTC] PHP Notice:  Undefined offset: 7 in /var/www/html/fb_wp/wp-content/plugins/sports/frontend/leaderboard_controller.php on line 172
[22-Mar-2022 06:07:07 UTC] PHP Notice:  Undefined offset: 8 in /var/www/html/fb_wp/wp-content/plugins/sports/frontend/leaderboard_controller.php on line 161
[22-Mar-2022 06:07:07 UTC] PHP Notice:  Trying to access array offset on value of type null in /var/www/html/fb_wp/wp-content/plugins/sports/frontend/leaderboard_controller.php on line 161
[22-Mar-2022 06:08:19 UTC] PHP Notice:  Trying to access array offset on value of type null in /var/www/html/fb_wp/wp-content/themes/kickoff/framework/include/kode_front_func/kode-events-options.php on line 1797
[22-Mar-2022 06:08:19 UTC] PHP Notice:  Trying to access array offset on value of type null in /var/www/html/fb_wp/wp-content/themes/kickoff/framework/include/kode_front_func/kode-events-options.php on line 1831
[22-Mar-2022 06:08:19 UTC] PHP Notice:  Trying to access array offset on value of type null in /var/www/html/fb_wp/wp-content/plugins/kode_team/kode-team-item.php on line 227
[22-Mar-2022 06:08:19 UTC] PHP Notice:  Trying to access array offset on value of type null in /var/www/html/fb_wp/wp-content/plugins/kode_team/kode-team-item.php on line 314
[22-Mar-2022 06:08:19 UTC] PHP Notice:  Trying to access array offset on value of type null in /var/www/html/fb_wp/wp-content/plugins/kode_team/kode-team-item.php on line 314
[22-Mar-2022 06:08:19 UTC] PHP Notice:  Trying to access array offset on value of type null in /var/www/html/fb_wp/wp-content/plugins/kode_team/kode-team-item.php on line 314
[22-Mar-2022 06:08:19 UTC] PHP Notice:  Trying to access array offset on value of type null in /var/www/html/fb_wp/wp-content/plugins/kode_team/kode-team-item.php on line 314
[22-Mar-2022 06:08:19 UTC] PHP Notice:  Trying to access array offset on value of type null in /var/www/html/fb_wp/wp-content/plugins/kode_team/kode-team-item.php on line 314
[22-Mar-2022 06:08:19 UTC] PHP Notice:  Trying to access array offset on value of type null in /var/www/html/fb_wp/wp-content/plugins/kode_team/kode-team-item.php on line 314
[22-Mar-2022 06:08:19 UTC] PHP Notice:  Trying to access array offset on value of type null in /var/www/html/fb_wp/wp-content/plugins/kode_team/kode-team-item.php on line 314
[22-Mar-2022 06:08:19 UTC] PHP Notice:  Trying to access array offset on value of type null in /var/www/html/fb_wp/wp-content/plugins/kode_team/kode-team-item.php on line 314
[22-Mar-2022 06:08:19 UTC] PHP Notice:  Trying to access array offset on value of type null in /var/www/html/fb_wp/wp-content/plugins/kode_team/kode-team-item.php on line 314
[22-Mar-2022 06:08:19 UTC] PHP Notice:  Trying to access array offset on value of type null in /var/www/html/fb_wp/wp-content/plugins/kode_team/kode-team-item.php on line 314
[22-Mar-2022 06:08:19 UTC] PHP Notice:  Trying to access array offset on value of type null in /var/www/html/fb_wp/wp-content/plugins/kode_team/kode-team-item.php on line 227
[22-Mar-2022 06:08:19 UTC] PHP Notice:  Trying to access array offset on value of type null in /var/www/html/fb_wp/wp-content/plugins/kode_team/kode-team-item.php on line 314
[22-Mar-2022 06:08:19 UTC] PHP Notice:  Trying to access array offset on value of type null in /var/www/html/fb_wp/wp-content/plugins/kode_team/kode-team-item.php on line 314
[22-Mar-2022 06:08:19 UTC] PHP Notice:  Trying to access array offset on value of type null in /var/www/html/fb_wp/wp-content/plugins/kode_team/kode-team-item.php on line 314
[22-Mar-2022 06:08:19 UTC] PHP Notice:  Trying to access array offset on value of type null in /var/www/html/fb_wp/wp-content/plugins/kode_team/kode-team-item.php on line 314
[22-Mar-2022 06:08:19 UTC] PHP Notice:  Trying to access array offset on value of type null in /var/www/html/fb_wp/wp-content/plugins/kode_team/kode-team-item.php on line 314
[22-Mar-2022 06:08:19 UTC] PHP Notice:  Trying to access array offset on value of type null in /var/www/html/fb_wp/wp-content/plugins/kode_team/kode-team-item.php on line 314
[22-Mar-2022 06:08:19 UTC] PHP Notice:  Trying to access array offset on value of type null in /var/www/html/fb_wp/wp-content/plugins/kode_team/kode-team-item.php on line 314
[22-Mar-2022 06:08:19 UTC] PHP Notice:  Trying to access array offset on value of type null in /var/www/html/fb_wp/wp-content/plugins/kode_team/kode-team-item.php on line 314
[22-Mar-2022 06:08:19 UTC] PHP Notice:  Trying to access array offset on value of type null in /var/www/html/fb_wp/wp-content/plugins/kode_team/kode-team-item.php on line 314
[22-Mar-2022 06:08:19 UTC] PHP Notice:  Trying to access array offset on value of type null in /var/www/html/fb_wp/wp-content/plugins/kode_team/kode-team-item.php on line 314
[22-Mar-2022 06:08:19 UTC] PHP Notice:  Trying to access array offset on value of type null in /var/www/html/fb_wp/wp-content/plugins/kode_team/kode-team-item.php on line 227
[22-Mar-2022 06:08:19 UTC] PHP Notice:  Trying to access array offset on value of type null in /var/www/html/fb_wp/wp-content/plugins/kode_team/kode-team-item.php on line 314
[22-Mar-2022 06:08:19 UTC] PHP Notice:  Trying to access array offset on value of type null in /var/www/html/fb_wp/wp-content/plugins/kode_team/kode-team-item.php on line 314
[22-Mar-2022 06:08:19 UTC] PHP Notice:  Trying to access array offset on value of type null in /var/www/html/fb_wp/wp-content/plugins/kode_team/kode-team-item.php on line 314
[22-Mar-2022 06:08:19 UTC] PHP Notice:  Trying to access array offset on value of type null in /var/www/html/fb_wp/wp-content/plugins/kode_team/kode-team-item.php on line 314
[22-Mar-2022 06:08:19 UTC] PHP Notice:  Trying to access array offset on value of type null in /var/www/html/fb_wp/wp-content/plugins/kode_team/kode-team-item.php on line 314
[22-Mar-2022 06:08:19 UTC] PHP Notice:  Trying to access array offset on value of type null in /var/www/html/fb_wp/wp-content/plugins/kode_team/kode-team-item.php on line 314
[22-Mar-2022 06:08:19 UTC] PHP Notice:  Trying to access array offset on value of type null in /var/www/html/fb_wp/wp-content/plugins/kode_team/kode-team-item.php on line 314
[22-Mar-2022 06:08:19 UTC] PHP Notice:  Trying to access array offset on value of type null in /var/www/html/fb_wp/wp-content/plugins/kode_team/kode-team-item.php on line 314
[22-Mar-2022 06:08:19 UTC] PHP Notice:  Trying to access array offset on value of type null in /var/www/html/fb_wp/wp-content/plugins/kode_team/kode-team-item.php on line 314
[22-Mar-2022 06:08:19 UTC] PHP Notice:  Trying to access array offset on value of type null in /var/www/html/fb_wp/wp-content/plugins/kode_team/kode-team-item.php on line 314
[22-Mar-2022 06:08:19 UTC] PHP Notice:  Trying to access array offset on value of type null in /var/www/html/fb_wp/wp-content/plugins/kode_team/kode-team-item.php on line 227
[22-Mar-2022 06:08:19 UTC] PHP Notice:  Trying to access array offset on value of type null in /var/www/html/fb_wp/wp-content/plugins/kode_team/kode-team-item.php on line 314
[22-Mar-2022 06:08:19 UTC] PHP Notice:  Trying to access array offset on value of type null in /var/www/html/fb_wp/wp-content/plugins/kode_team/kode-team-item.php on line 314
[22-Mar-2022 06:08:19 UTC] PHP Notice:  Trying to access array offset on value of type null in /var/www/html/fb_wp/wp-content/plugins/kode_team/kode-team-item.php on line 314
[22-Mar-2022 06:08:19 UTC] PHP Notice:  Trying to access array offset on value of type null in /var/www/html/fb_wp/wp-content/plugins/kode_team/kode-team-item.php on line 314
[22-Mar-2022 06:08:19 UTC] PHP Notice:  Trying to access array offset on value of type null in /var/www/html/fb_wp/wp-content/plugins/kode_team/kode-team-item.php on line 314
[22-Mar-2022 06:08:19 UTC] PHP Notice:  Trying to access array offset on value of type null in /var/www/html/fb_wp/wp-content/plugins/kode_team/kode-team-item.php on line 314
[22-Mar-2022 06:08:19 UTC] PHP Notice:  Trying to access array offset on value of type null in /var/www/html/fb_wp/wp-content/plugins/kode_team/kode-team-item.php on line 314
[22-Mar-2022 06:08:19 UTC] PHP Notice:  Trying to access array offset on value of type null in /var/www/html/fb_wp/wp-content/plugins/kode_team/kode-team-item.php on line 314
[22-Mar-2022 06:08:19 UTC] PHP Notice:  Trying to access array offset on value of type null in /var/www/html/fb_wp/wp-content/plugins/kode_team/kode-team-item.php on line 314
[22-Mar-2022 06:08:19 UTC] PHP Notice:  Trying to access array offset on value of type null in /var/www/html/fb_wp/wp-content/plugins/kode_team/kode-team-item.php on line 314
[22-Mar-2022 06:08:19 UTC] PHP Notice:  Trying to access array offset on value of type null in /var/www/html/fb_wp/wp-content/plugins/kode_team/kode-team-item.php on line 227
[22-Mar-2022 06:08:19 UTC] PHP Notice:  Trying to access array offset on value of type null in /var/www/html/fb_wp/wp-content/plugins/kode_team/kode-team-item.php on line 314
[22-Mar-2022 06:08:19 UTC] PHP Notice:  Trying to access array offset on value of type null in /var/www/html/fb_wp/wp-content/plugins/kode_team/kode-team-item.php on line 314
[22-Mar-2022 06:08:19 UTC] PHP Notice:  Trying to access array offset on value of type null in /var/www/html/fb_wp/wp-content/plugins/kode_team/kode-team-item.php on line 314
[22-Mar-2022 06:08:19 UTC] PHP Notice:  Trying to access array offset on value of type null in /var/www/html/fb_wp/wp-content/plugins/kode_team/kode-team-item.php on line 314
[22-Mar-2022 06:08:19 UTC] PHP Notice:  Trying to access array offset on value of type null in /var/www/html/fb_wp/wp-content/plugins/kode_team/kode-team-item.php on line 314
[22-Mar-2022 06:08:19 UTC] PHP Notice:  Trying to access array offset on value of type null in /var/www/html/fb_wp/wp-content/plugins/kode_team/kode-team-item.php on line 314
[22-Mar-2022 06:08:19 UTC] PHP Notice:  Trying to access array offset on value of type null in /var/www/html/fb_wp/wp-content/plugins/kode_team/kode-team-item.php on line 314
[22-Mar-2022 06:08:19 UTC] PHP Notice:  Trying to access array offset on value of type null in /var/www/html/fb_wp/wp-content/plugins/kode_team/kode-team-item.php on line 314
[22-Mar-2022 06:08:19 UTC] PHP Notice:  Trying to access array offset on value of type null in /var/www/html/fb_wp/wp-content/plugins/kode_team/kode-team-item.php on line 314
[22-Mar-2022 06:08:19 UTC] PHP Notice:  Trying to access array offset on value of type null in /var/www/html/fb_wp/wp-content/plugins/kode_team/kode-team-item.php on line 314
[22-Mar-2022 06:08:19 UTC] PHP Notice:  Trying to access array offset on value of type null in /var/www/html/fb_wp/wp-content/plugins/kode_team/kode-team-item.php on line 227
[22-Mar-2022 06:08:19 UTC] PHP Notice:  Trying to access array offset on value of type null in /var/www/html/fb_wp/wp-content/plugins/kode_team/kode-team-item.php on line 314
[22-Mar-2022 06:08:19 UTC] PHP Notice:  Trying to access array offset on value of type null in /var/www/html/fb_wp/wp-content/plugins/kode_team/kode-team-item.php on line 314
[22-Mar-2022 06:08:19 UTC] PHP Notice:  Trying to access array offset on value of type null in /var/www/html/fb_wp/wp-content/plugins/kode_team/kode-team-item.php on line 314
[22-Mar-2022 06:08:19 UTC] PHP Notice:  Trying to access array offset on value of type null in /var/www/html/fb_wp/wp-content/plugins/kode_team/kode-team-item.php on line 314
[22-Mar-2022 06:08:19 UTC] PHP Notice:  Trying to access array offset on value of type null in /var/www/html/fb_wp/wp-content/plugins/kode_team/kode-team-item.php on line 314
[22-Mar-2022 06:08:19 UTC] PHP Notice:  Trying to access array offset on value of type null in /var/www/html/fb_wp/wp-content/plugins/kode_team/kode-team-item.php on line 314
[22-Mar-2022 06:08:19 UTC] PHP Notice:  Trying to access array offset on value of type null in /var/www/html/fb_wp/wp-content/plugins/kode_team/kode-team-item.php on line 314
[22-Mar-2022 06:08:19 UTC] PHP Notice:  Trying to access array offset on value of type null in /var/www/html/fb_wp/wp-content/plugins/kode_team/kode-team-item.php on line 314
[22-Mar-2022 06:08:19 UTC] PHP Notice:  Trying to access array offset on value of type null in /var/www/html/fb_wp/wp-content/plugins/kode_team/kode-team-item.php on line 314
[22-Mar-2022 06:08:19 UTC] PHP Notice:  Trying to access array offset on value of type null in /var/www/html/fb_wp/wp-content/plugins/kode_team/kode-team-item.php on line 314
[22-Mar-2022 06:08:19 UTC] PHP Notice:  Trying to access array offset on value of type null in /var/www/html/fb_wp/wp-content/plugins/kode_team/kode-team-item.php on line 227
[22-Mar-2022 06:08:19 UTC] PHP Notice:  Trying to access array offset on value of type null in /var/www/html/fb_wp/wp-content/plugins/kode_team/kode-team-item.php on line 314
[22-Mar-2022 06:08:19 UTC] PHP Notice:  Trying to access array offset on value of type null in /var/www/html/fb_wp/wp-content/plugins/kode_team/kode-team-item.php on line 314
[22-Mar-2022 06:08:19 UTC] PHP Notice:  Trying to access array offset on value of type null in /var/www/html/fb_wp/wp-content/plugins/kode_team/kode-team-item.php on line 314
[22-Mar-2022 06:08:19 UTC] PHP Notice:  Trying to access array offset on value of type null in /var/www/html/fb_wp/wp-content/plugins/kode_team/kode-team-item.php on line 314
[22-Mar-2022 06:08:19 UTC] PHP Notice:  Trying to access array offset on value of type null in /var/www/html/fb_wp/wp-content/plugins/kode_team/kode-team-item.php on line 314
[22-Mar-2022 06:08:19 UTC] PHP Notice:  Trying to access array offset on value of type null in /var/www/html/fb_wp/wp-content/plugins/kode_team/kode-team-item.php on line 314
[22-Mar-2022 06:08:19 UTC] PHP Notice:  Trying to access array offset on value of type null in /var/www/html/fb_wp/wp-content/plugins/kode_team/kode-team-item.php on line 314
[22-Mar-2022 06:08:19 UTC] PHP Notice:  Trying to access array offset on value of type null in /var/www/html/fb_wp/wp-content/plugins/kode_team/kode-team-item.php on line 314
[22-Mar-2022 06:08:19 UTC] PHP Notice:  Trying to access array offset on value of type null in /var/www/html/fb_wp/wp-content/plugins/kode_team/kode-team-item.php on line 314
[22-Mar-2022 06:08:19 UTC] PHP Notice:  Trying to access array offset on value of type null in /var/www/html/fb_wp/wp-content/plugins/kode_team/kode-team-item.php on line 314
[22-Mar-2022 06:08:19 UTC] PHP Notice:  Trying to access array offset on value of type null in /var/www/html/fb_wp/wp-content/plugins/kode_team/kode-team-item.php on line 227
[22-Mar-2022 06:08:19 UTC] PHP Notice:  Trying to access array offset on value of type null in /var/www/html/fb_wp/wp-content/plugins/kode_team/kode-team-item.php on line 314
[22-Mar-2022 06:08:19 UTC] PHP Notice:  Trying to access array offset on value of type null in /var/www/html/fb_wp/wp-content/plugins/kode_team/kode-team-item.php on line 314
[22-Mar-2022 06:08:19 UTC] PHP Notice:  Trying to access array offset on value of type null in /var/www/html/fb_wp/wp-content/plugins/kode_team/kode-team-item.php on line 314
[22-Mar-2022 06:08:19 UTC] PHP Notice:  Trying to access array offset on value of type null in /var/www/html/fb_wp/wp-content/plugins/kode_team/kode-team-item.php on line 314
[22-Mar-2022 06:08:19 UTC] PHP Notice:  Trying to access array offset on value of type null in /var/www/html/fb_wp/wp-content/plugins/kode_team/kode-team-item.php on line 314
[22-Mar-2022 06:08:19 UTC] PHP Notice:  Trying to access array offset on value of type null in /var/www/html/fb_wp/wp-content/plugins/kode_team/kode-team-item.php on line 314
[22-Mar-2022 06:08:19 UTC] PHP Notice:  Trying to access array offset on value of type null in /var/www/html/fb_wp/wp-content/plugins/kode_team/kode-team-item.php on line 314
[22-Mar-2022 06:08:19 UTC] PHP Notice:  Trying to access array offset on value of type null in /var/www/html/fb_wp/wp-content/plugins/kode_team/kode-team-item.php on line 314
[22-Mar-2022 06:08:19 UTC] PHP Notice:  Trying to access array offset on value of type null in /var/www/html/fb_wp/wp-content/plugins/kode_team/kode-team-item.php on line 314
[22-Mar-2022 06:08:19 UTC] PHP Notice:  Trying to access array offset on value of type null in /var/www/html/fb_wp/wp-content/plugins/kode_team/kode-team-item.php on line 314
[22-Mar-2022 06:08:19 UTC] PHP Notice:  Trying to access array offset on value of type null in /var/www/html/fb_wp/wp-content/plugins/kode_team/kode-team-item.php on line 636
[22-Mar-2022 06:08:19 UTC] PHP Notice:  Trying to access array offset on value of type null in /var/www/html/fb_wp/wp-content/plugins/kode_team/kode-team-item.php on line 636
[22-Mar-2022 06:08:19 UTC] PHP Notice:  Trying to access array offset on value of type null in /var/www/html/fb_wp/wp-content/plugins/kode_team/kode-team-item.php on line 636
[22-Mar-2022 06:08:19 UTC] PHP Notice:  Trying to access array offset on value of type null in /var/www/html/fb_wp/wp-content/plugins/kode_team/kode-team-item.php on line 636
[22-Mar-2022 06:08:19 UTC] PHP Notice:  Trying to access array offset on value of type null in /var/www/html/fb_wp/wp-content/plugins/kode_team/kode-team-item.php on line 636
[22-Mar-2022 06:08:19 UTC] PHP Notice:  Trying to access array offset on value of type null in /var/www/html/fb_wp/wp-content/plugins/kode_team/kode-team-item.php on line 636
[22-Mar-2022 06:08:19 UTC] PHP Notice:  Trying to access array offset on value of type null in /var/www/html/fb_wp/wp-content/plugins/kode_team/kode-team-item.php on line 636
[22-Mar-2022 06:08:19 UTC] PHP Notice:  Trying to access array offset on value of type null in /var/www/html/fb_wp/wp-content/plugins/kode_team/kode-team-item.php on line 636
[22-Mar-2022 06:08:19 UTC] PHP Notice:  Trying to access array offset on value of type null in /var/www/html/fb_wp/wp-content/themes/kickoff/framework/include/kode_front_func/kode-events-options.php on line 1797
[22-Mar-2022 06:08:19 UTC] PHP Notice:  Trying to access array offset on value of type null in /var/www/html/fb_wp/wp-content/themes/kickoff/framework/include/kode_front_func/kode-events-options.php on line 1831
[22-Mar-2022 06:08:19 UTC] PHP Notice:  Trying to access array offset on value of type null in /var/www/html/fb_wp/wp-content/themes/kickoff/framework/include/kode_front_func/kode-events-options.php on line 1797
[22-Mar-2022 06:08:19 UTC] PHP Notice:  Trying to access array offset on value of type null in /var/www/html/fb_wp/wp-content/themes/kickoff/framework/include/kode_front_func/kode-events-options.php on line 1831
[22-Mar-2022 06:08:19 UTC] PHP Notice:  Trying to access array offset on value of type null in /var/www/html/fb_wp/wp-content/themes/kickoff/framework/include/kode_front_func/kode-events-options.php on line 1797
[22-Mar-2022 06:08:19 UTC] PHP Notice:  Trying to access array offset on value of type null in /var/www/html/fb_wp/wp-content/themes/kickoff/framework/include/kode_front_func/kode-events-options.php on line 1831
[22-Mar-2022 06:08:19 UTC] PHP Notice:  Trying to access array offset on value of type null in /var/www/html/fb_wp/wp-content/plugins/kode_team/kode-team-item.php on line 227
[22-Mar-2022 06:08:19 UTC] PHP Notice:  Trying to access array offset on value of type null in /var/www/html/fb_wp/wp-content/plugins/kode_team/kode-team-item.php on line 314
[22-Mar-2022 06:08:19 UTC] PHP Notice:  Trying to access array offset on value of type null in /var/www/html/fb_wp/wp-content/plugins/kode_team/kode-team-item.php on line 314
[22-Mar-2022 06:08:19 UTC] PHP Notice:  Trying to access array offset on value of type null in /var/www/html/fb_wp/wp-content/plugins/kode_team/kode-team-item.php on line 314
[22-Mar-2022 06:08:19 UTC] PHP Notice:  Trying to access array offset on value of type null in /var/www/html/fb_wp/wp-content/plugins/kode_team/kode-team-item.php on line 314
[22-Mar-2022 06:08:19 UTC] PHP Notice:  Trying to access array offset on value of type null in /var/www/html/fb_wp/wp-content/plugins/kode_team/kode-team-item.php on line 314
[22-Mar-2022 06:08:19 UTC] PHP Notice:  Trying to access array offset on value of type null in /var/www/html/fb_wp/wp-content/plugins/kode_team/kode-team-item.php on line 314
[22-Mar-2022 06:08:19 UTC] PHP Notice:  Trying to access array offset on value of type null in /var/www/html/fb_wp/wp-content/plugins/kode_team/kode-team-item.php on line 314
[22-Mar-2022 06:08:19 UTC] PHP Notice:  Trying to access array offset on value of type null in /var/www/html/fb_wp/wp-content/plugins/kode_team/kode-team-item.php on line 314
[22-Mar-2022 06:08:19 UTC] PHP Notice:  Trying to access array offset on value of type null in /var/www/html/fb_wp/wp-content/plugins/kode_team/kode-team-item.php on line 314
[22-Mar-2022 06:08:19 UTC] PHP Notice:  Trying to access array offset on value of type null in /var/www/html/fb_wp/wp-content/plugins/kode_team/kode-team-item.php on line 314
[22-Mar-2022 06:08:20 UTC] PHP Notice:  Trying to access array offset on value of type null in /var/www/html/fb_wp/wp-content/plugins/kode_team/kode-team-item.php on line 227
[22-Mar-2022 06:08:20 UTC] PHP Notice:  Trying to access array offset on value of type null in /var/www/html/fb_wp/wp-content/plugins/kode_team/kode-team-item.php on line 314
[22-Mar-2022 06:08:20 UTC] PHP Notice:  Trying to access array offset on value of type null in /var/www/html/fb_wp/wp-content/plugins/kode_team/kode-team-item.php on line 314
[22-Mar-2022 06:08:20 UTC] PHP Notice:  Trying to access array offset on value of type null in /var/www/html/fb_wp/wp-content/plugins/kode_team/kode-team-item.php on line 314
[22-Mar-2022 06:08:20 UTC] PHP Notice:  Trying to access array offset on value of type null in /var/www/html/fb_wp/wp-content/plugins/kode_team/kode-team-item.php on line 314
[22-Mar-2022 06:08:20 UTC] PHP Notice:  Trying to access array offset on value of type null in /var/www/html/fb_wp/wp-content/plugins/kode_team/kode-team-item.php on line 314
[22-Mar-2022 06:08:20 UTC] PHP Notice:  Trying to access array offset on value of type null in /var/www/html/fb_wp/wp-content/plugins/kode_team/kode-team-item.php on line 314
[22-Mar-2022 06:08:20 UTC] PHP Notice:  Trying to access array offset on value of type null in /var/www/html/fb_wp/wp-content/plugins/kode_team/kode-team-item.php on line 314
[22-Mar-2022 06:08:20 UTC] PHP Notice:  Trying to access array offset on value of type null in /var/www/html/fb_wp/wp-content/plugins/kode_team/kode-team-item.php on line 314
[22-Mar-2022 06:08:20 UTC] PHP Notice:  Trying to access array offset on value of type null in /var/www/html/fb_wp/wp-content/plugins/kode_team/kode-team-item.php on line 314
[22-Mar-2022 06:08:20 UTC] PHP Notice:  Trying to access array offset on value of type null in /var/www/html/fb_wp/wp-content/plugins/kode_team/kode-team-item.php on line 314
[22-Mar-2022 06:08:20 UTC] PHP Notice:  Trying to access array offset on value of type null in /var/www/html/fb_wp/wp-content/plugins/kode_team/kode-team-item.php on line 227
[22-Mar-2022 06:08:20 UTC] PHP Notice:  Trying to access array offset on value of type null in /var/www/html/fb_wp/wp-content/plugins/kode_team/kode-team-item.php on line 314
[22-Mar-2022 06:08:20 UTC] PHP Notice:  Trying to access array offset on value of type null in /var/www/html/fb_wp/wp-content/plugins/kode_team/kode-team-item.php on line 314
[22-Mar-2022 06:08:20 UTC] PHP Notice:  Trying to access array offset on value of type null in /var/www/html/fb_wp/wp-content/plugins/kode_team/kode-team-item.php on line 314
[22-Mar-2022 06:08:20 UTC] PHP Notice:  Trying to access array offset on value of type null in /var/www/html/fb_wp/wp-content/plugins/kode_team/kode-team-item.php on line 314
[22-Mar-2022 06:08:20 UTC] PHP Notice:  Trying to access array offset on value of type null in /var/www/html/fb_wp/wp-content/plugins/kode_team/kode-team-item.php on line 314
[22-Mar-2022 06:08:20 UTC] PHP Notice:  Trying to access array offset on value of type null in /var/www/html/fb_wp/wp-content/plugins/kode_team/kode-team-item.php on line 314
[22-Mar-2022 06:08:20 UTC] PHP Notice:  Trying to access array offset on value of type null in /var/www/html/fb_wp/wp-content/plugins/kode_team/kode-team-item.php on line 314
[22-Mar-2022 06:08:20 UTC] PHP Notice:  Trying to access array offset on value of type null in /var/www/html/fb_wp/wp-content/plugins/kode_team/kode-team-item.php on line 314
[22-Mar-2022 06:08:20 UTC] PHP Notice:  Trying to access array offset on value of type null in /var/www/html/fb_wp/wp-content/plugins/kode_team/kode-team-item.php on line 314
[22-Mar-2022 06:08:20 UTC] PHP Notice:  Trying to access array offset on value of type null in /var/www/html/fb_wp/wp-content/plugins/kode_team/kode-team-item.php on line 314
[22-Mar-2022 06:08:20 UTC] PHP Notice:  Trying to access array offset on value of type null in /var/www/html/fb_wp/wp-content/plugins/kode_team/kode-team-item.php on line 227
[22-Mar-2022 06:08:20 UTC] PHP Notice:  Trying to access array offset on value of type null in /var/www/html/fb_wp/wp-content/plugins/kode_team/kode-team-item.php on line 314
[22-Mar-2022 06:08:20 UTC] PHP Notice:  Trying to access array offset on value of type null in /var/www/html/fb_wp/wp-content/plugins/kode_team/kode-team-item.php on line 314
[22-Mar-2022 06:08:20 UTC] PHP Notice:  Trying to access array offset on value of type null in /var/www/html/fb_wp/wp-content/plugins/kode_team/kode-team-item.php on line 314
[22-Mar-2022 06:08:20 UTC] PHP Notice:  Trying to access array offset on value of type null in /var/www/html/fb_wp/wp-content/plugins/kode_team/kode-team-item.php on line 314
[22-Mar-2022 06:08:20 UTC] PHP Notice:  Trying to access array offset on value of type null in /var/www/html/fb_wp/wp-content/plugins/kode_team/kode-team-item.php on line 314
[22-Mar-2022 06:08:20 UTC] PHP Notice:  Trying to access array offset on value of type null in /var/www/html/fb_wp/wp-content/plugins/kode_team/kode-team-item.php on line 314
[22-Mar-2022 06:08:20 UTC] PHP Notice:  Trying to access array offset on value of type null in /var/www/html/fb_wp/wp-content/plugins/kode_team/kode-team-item.php on line 314
[22-Mar-2022 06:08:20 UTC] PHP Notice:  Trying to access array offset on value of type null in /var/www/html/fb_wp/wp-content/plugins/kode_team/kode-team-item.php on line 314
[22-Mar-2022 06:08:20 UTC] PHP Notice:  Trying to access array offset on value of type null in /var/www/html/fb_wp/wp-content/plugins/kode_team/kode-team-item.php on line 314
[22-Mar-2022 06:08:20 UTC] PHP Notice:  Trying to access array offset on value of type null in /var/www/html/fb_wp/wp-content/plugins/kode_team/kode-team-item.php on line 314
[22-Mar-2022 06:08:20 UTC] PHP Notice:  Trying to access array offset on value of type null in /var/www/html/fb_wp/wp-content/plugins/kode_team/kode-team-item.php on line 227
[22-Mar-2022 06:08:20 UTC] PHP Notice:  Trying to access array offset on value of type null in /var/www/html/fb_wp/wp-content/plugins/kode_team/kode-team-item.php on line 314
[22-Mar-2022 06:08:20 UTC] PHP Notice:  Trying to access array offset on value of type null in /var/www/html/fb_wp/wp-content/plugins/kode_team/kode-team-item.php on line 314
[22-Mar-2022 06:08:20 UTC] PHP Notice:  Trying to access array offset on value of type null in /var/www/html/fb_wp/wp-content/plugins/kode_team/kode-team-item.php on line 314
[22-Mar-2022 06:08:20 UTC] PHP Notice:  Trying to access array offset on value of type null in /var/www/html/fb_wp/wp-content/plugins/kode_team/kode-team-item.php on line 314
[22-Mar-2022 06:08:20 UTC] PHP Notice:  Trying to access array offset on value of type null in /var/www/html/fb_wp/wp-content/plugins/kode_team/kode-team-item.php on line 314
[22-Mar-2022 06:08:20 UTC] PHP Notice:  Trying to access array offset on value of type null in /var/www/html/fb_wp/wp-content/plugins/kode_team/kode-team-item.php on line 314
[22-Mar-2022 06:08:20 UTC] PHP Notice:  Trying to access array offset on value of type null in /var/www/html/fb_wp/wp-content/plugins/kode_team/kode-team-item.php on line 314
[22-Mar-2022 06:08:20 UTC] PHP Notice:  Trying to access array offset on value of type null in /var/www/html/fb_wp/wp-content/plugins/kode_team/kode-team-item.php on line 314
[22-Mar-2022 06:08:20 UTC] PHP Notice:  Trying to access array offset on value of type null in /var/www/html/fb_wp/wp-content/plugins/kode_team/kode-team-item.php on line 314
[22-Mar-2022 06:08:20 UTC] PHP Notice:  Trying to access array offset on value of type null in /var/www/html/fb_wp/wp-content/plugins/kode_team/kode-team-item.php on line 314
[22-Mar-2022 06:08:20 UTC] PHP Notice:  Trying to access array offset on value of type null in /var/www/html/fb_wp/wp-content/plugins/kode_team/kode-team-item.php on line 227
[22-Mar-2022 06:08:20 UTC] PHP Notice:  Trying to access array offset on value of type null in /var/www/html/fb_wp/wp-content/plugins/kode_team/kode-team-item.php on line 314
[22-Mar-2022 06:08:20 UTC] PHP Notice:  Trying to access array offset on value of type null in /var/www/html/fb_wp/wp-content/plugins/kode_team/kode-team-item.php on line 314
[22-Mar-2022 06:08:20 UTC] PHP Notice:  Trying to access array offset on value of type null in /var/www/html/fb_wp/wp-content/plugins/kode_team/kode-team-item.php on line 314
[22-Mar-2022 06:08:20 UTC] PHP Notice:  Trying to access array offset on value of type null in /var/www/html/fb_wp/wp-content/plugins/kode_team/kode-team-item.php on line 314
[22-Mar-2022 06:08:20 UTC] PHP Notice:  Trying to access array offset on value of type null in /var/www/html/fb_wp/wp-content/plugins/kode_team/kode-team-item.php on line 314
[22-Mar-2022 06:08:20 UTC] PHP Notice:  Trying to access array offset on value of type null in /var/www/html/fb_wp/wp-content/plugins/kode_team/kode-team-item.php on line 314
[22-Mar-2022 06:08:20 UTC] PHP Notice:  Trying to access array offset on value of type null in /var/www/html/fb_wp/wp-content/plugins/kode_team/kode-team-item.php on line 314
[22-Mar-2022 06:08:20 UTC] PHP Notice:  Trying to access array offset on value of type null in /var/www/html/fb_wp/wp-content/plugins/kode_team/kode-team-item.php on line 314
[22-Mar-2022 06:08:20 UTC] PHP Notice:  Trying to access array offset on value of type null in /var/www/html/fb_wp/wp-content/plugins/kode_team/kode-team-item.php on line 314
[22-Mar-2022 06:08:20 UTC] PHP Notice:  Trying to access array offset on value of type null in /var/www/html/fb_wp/wp-content/plugins/kode_team/kode-team-item.php on line 314
[22-Mar-2022 06:08:20 UTC] PHP Notice:  Trying to access array offset on value of type null in /var/www/html/fb_wp/wp-content/plugins/kode_team/kode-team-item.php on line 227
[22-Mar-2022 06:08:20 UTC] PHP Notice:  Trying to access array offset on value of type null in /var/www/html/fb_wp/wp-content/plugins/kode_team/kode-team-item.php on line 314
[22-Mar-2022 06:08:20 UTC] PHP Notice:  Trying to access array offset on value of type null in /var/www/html/fb_wp/wp-content/plugins/kode_team/kode-team-item.php on line 314
[22-Mar-2022 06:08:20 UTC] PHP Notice:  Trying to access array offset on value of type null in /var/www/html/fb_wp/wp-content/plugins/kode_team/kode-team-item.php on line 314
[22-Mar-2022 06:08:20 UTC] PHP Notice:  Trying to access array offset on value of type null in /var/www/html/fb_wp/wp-content/plugins/kode_team/kode-team-item.php on line 314
[22-Mar-2022 06:08:20 UTC] PHP Notice:  Trying to access array offset on value of type null in /var/www/html/fb_wp/wp-content/plugins/kode_team/kode-team-item.php on line 314
[22-Mar-2022 06:08:20 UTC] PHP Notice:  Trying to access array offset on value of type null in /var/www/html/fb_wp/wp-content/plugins/kode_team/kode-team-item.php on line 314
[22-Mar-2022 06:08:20 UTC] PHP Notice:  Trying to access array offset on value of type null in /var/www/html/fb_wp/wp-content/plugins/kode_team/kode-team-item.php on line 314
[22-Mar-2022 06:08:20 UTC] PHP Notice:  Trying to access array offset on value of type null in /var/www/html/fb_wp/wp-content/plugins/kode_team/kode-team-item.php on line 314
[22-Mar-2022 06:08:20 UTC] PHP Notice:  Trying to access array offset on value of type null in /var/www/html/fb_wp/wp-content/plugins/kode_team/kode-team-item.php on line 314
[22-Mar-2022 06:08:20 UTC] PHP Notice:  Trying to access array offset on value of type null in /var/www/html/fb_wp/wp-content/plugins/kode_team/kode-team-item.php on line 314
[22-Mar-2022 06:08:20 UTC] PHP Notice:  Trying to access array offset on value of type null in /var/www/html/fb_wp/wp-content/plugins/kode_team/kode-team-item.php on line 227
[22-Mar-2022 06:08:20 UTC] PHP Notice:  Trying to access array offset on value of type null in /var/www/html/fb_wp/wp-content/plugins/kode_team/kode-team-item.php on line 314
[22-Mar-2022 06:08:20 UTC] PHP Notice:  Trying to access array offset on value of type null in /var/www/html/fb_wp/wp-content/plugins/kode_team/kode-team-item.php on line 314
[22-Mar-2022 06:08:20 UTC] PHP Notice:  Trying to access array offset on value of type null in /var/www/html/fb_wp/wp-content/plugins/kode_team/kode-team-item.php on line 314
[22-Mar-2022 06:08:20 UTC] PHP Notice:  Trying to access array offset on value of type null in /var/www/html/fb_wp/wp-content/plugins/kode_team/kode-team-item.php on line 314
[22-Mar-2022 06:08:20 UTC] PHP Notice:  Trying to access array offset on value of type null in /var/www/html/fb_wp/wp-content/plugins/kode_team/kode-team-item.php on line 314
[22-Mar-2022 06:08:20 UTC] PHP Notice:  Trying to access array offset on value of type null in /var/www/html/fb_wp/wp-content/plugins/kode_team/kode-team-item.php on line 314
[22-Mar-2022 06:08:20 UTC] PHP Notice:  Trying to access array offset on value of type null in /var/www/html/fb_wp/wp-content/plugins/kode_team/kode-team-item.php on line 314
[22-Mar-2022 06:08:20 UTC] PHP Notice:  Trying to access array offset on value of type null in /var/www/html/fb_wp/wp-content/plugins/kode_team/kode-team-item.php on line 314
[22-Mar-2022 06:08:20 UTC] PHP Notice:  Trying to access array offset on value of type null in /var/www/html/fb_wp/wp-content/plugins/kode_team/kode-team-item.php on line 314
[22-Mar-2022 06:08:20 UTC] PHP Notice:  Trying to access array offset on value of type null in /var/www/html/fb_wp/wp-content/plugins/kode_team/kode-team-item.php on line 314
[22-Mar-2022 06:08:20 UTC] PHP Notice:  Trying to access array offset on value of type null in /var/www/html/fb_wp/wp-content/plugins/kode_team/kode-team-item.php on line 636
[22-Mar-2022 06:08:20 UTC] PHP Notice:  Trying to access array offset on value of type null in /var/www/html/fb_wp/wp-content/plugins/kode_team/kode-team-item.php on line 636
[22-Mar-2022 06:08:20 UTC] PHP Notice:  Trying to access array offset on value of type null in /var/www/html/fb_wp/wp-content/plugins/kode_team/kode-team-item.php on line 636
[22-Mar-2022 06:08:20 UTC] PHP Notice:  Trying to access array offset on value of type null in /var/www/html/fb_wp/wp-content/plugins/kode_team/kode-team-item.php on line 636
[22-Mar-2022 06:08:20 UTC] PHP Notice:  Trying to access array offset on value of type null in /var/www/html/fb_wp/wp-content/plugins/kode_team/kode-team-item.php on line 636
[22-Mar-2022 06:08:20 UTC] PHP Notice:  Trying to access array offset on value of type null in /var/www/html/fb_wp/wp-content/plugins/kode_team/kode-team-item.php on line 636
[22-Mar-2022 06:08:20 UTC] PHP Notice:  Trying to access array offset on value of type null in /var/www/html/fb_wp/wp-content/plugins/kode_team/kode-team-item.php on line 636
[22-Mar-2022 06:08:20 UTC] PHP Notice:  Trying to access array offset on value of type null in /var/www/html/fb_wp/wp-content/plugins/kode_team/kode-team-item.php on line 636
[22-Mar-2022 06:08:20 UTC] PHP Notice:  Trying to access array offset on value of type null in /var/www/html/fb_wp/wp-content/themes/kickoff/framework/include/kode_front_func/kode-events-options.php on line 1797
[22-Mar-2022 06:08:20 UTC] PHP Notice:  Trying to access array offset on value of type null in /var/www/html/fb_wp/wp-content/themes/kickoff/framework/include/kode_front_func/kode-events-options.php on line 1831
[22-Mar-2022 06:08:20 UTC] PHP Notice:  Trying to access array offset on value of type null in /var/www/html/fb_wp/wp-content/themes/kickoff/framework/include/kode_front_func/kode-events-options.php on line 1797
[22-Mar-2022 06:08:20 UTC] PHP Notice:  Trying to access array offset on value of type null in /var/www/html/fb_wp/wp-content/themes/kickoff/framework/include/kode_front_func/kode-events-options.php on line 1831
[22-Mar-2022 06:08:23 UTC] PHP Warning:  count(): Parameter must be an array or an object that implements Countable in /var/www/html/fb_wp/wp-content/plugins/sports/frontend/livematch_controller.php on line 201
[22-Mar-2022 06:08:23 UTC] PHP Notice:  Object of class stdClass could not be converted to int in /var/www/html/fb_wp/wp-content/plugins/sports/frontend/livematch_controller.php on line 295
[22-Mar-2022 06:08:28 UTC] PHP Notice:  Undefined offset: 6 in /var/www/html/fb_wp/wp-content/plugins/sports/frontend/livematch_controller.php on line 508
[22-Mar-2022 06:08:28 UTC] PHP Notice:  Undefined offset: 5 in /var/www/html/fb_wp/wp-content/plugins/sports/frontend/livematch_controller.php on line 508
[22-Mar-2022 06:08:28 UTC] PHP Notice:  Undefined offset: 4 in /var/www/html/fb_wp/wp-content/plugins/sports/frontend/livematch_controller.php on line 508
[22-Mar-2022 06:08:28 UTC] PHP Notice:  Undefined offset: 3 in /var/www/html/fb_wp/wp-content/plugins/sports/frontend/livematch_controller.php on line 508
[22-Mar-2022 06:08:28 UTC] PHP Notice:  Undefined offset: 2 in /var/www/html/fb_wp/wp-content/plugins/sports/frontend/livematch_controller.php on line 508
[22-Mar-2022 06:08:28 UTC] PHP Notice:  Undefined offset: 1 in /var/www/html/fb_wp/wp-content/plugins/sports/frontend/livematch_controller.php on line 508
[22-Mar-2022 06:08:28 UTC] PHP Notice:  Undefined offset: 8 in /var/www/html/fb_wp/wp-content/plugins/sports/frontend/livematch_controller.php on line 508
[22-Mar-2022 06:08:28 UTC] PHP Notice:  Undefined offset: 7 in /var/www/html/fb_wp/wp-content/plugins/sports/frontend/livematch_controller.php on line 508
[22-Mar-2022 06:08:28 UTC] PHP Notice:  Undefined offset: 8 in /var/www/html/fb_wp/wp-content/plugins/sports/frontend/livematch_controller.php on line 497
[22-Mar-2022 06:08:28 UTC] PHP Notice:  Trying to access array offset on value of type null in /var/www/html/fb_wp/wp-content/plugins/sports/frontend/livematch_controller.php on line 497
[22-Mar-2022 06:08:28 UTC] PHP Notice:  Undefined offset: 9 in /var/www/html/fb_wp/wp-content/plugins/sports/frontend/livematch_controller.php on line 508
[22-Mar-2022 06:08:28 UTC] PHP Notice:  Undefined offset: 1 in /var/www/html/fb_wp/wp-content/plugins/sports/frontend/livematch_controller.php on line 497
[22-Mar-2022 06:08:28 UTC] PHP Notice:  Trying to access array offset on value of type null in /var/www/html/fb_wp/wp-content/plugins/sports/frontend/livematch_controller.php on line 497
[22-Mar-2022 06:08:28 UTC] PHP Notice:  Undefined offset: 2 in /var/www/html/fb_wp/wp-content/plugins/sports/frontend/livematch_controller.php on line 497
[22-Mar-2022 06:08:28 UTC] PHP Notice:  Trying to access array offset on value of type null in /var/www/html/fb_wp/wp-content/plugins/sports/frontend/livematch_controller.php on line 497
[22-Mar-2022 06:08:28 UTC] PHP Notice:  Undefined offset: 3 in /var/www/html/fb_wp/wp-content/plugins/sports/frontend/livematch_controller.php on line 497
[22-Mar-2022 06:08:28 UTC] PHP Notice:  Trying to access array offset on value of type null in /var/www/html/fb_wp/wp-content/plugins/sports/frontend/livematch_controller.php on line 497
[22-Mar-2022 06:08:28 UTC] PHP Notice:  Undefined offset: 4 in /var/www/html/fb_wp/wp-content/plugins/sports/frontend/livematch_controller.php on line 497
[22-Mar-2022 06:08:28 UTC] PHP Notice:  Trying to access array offset on value of type null in /var/www/html/fb_wp/wp-content/plugins/sports/frontend/livematch_controller.php on line 497
[22-Mar-2022 06:08:28 UTC] PHP Notice:  Undefined offset: 5 in /var/www/html/fb_wp/wp-content/plugins/sports/frontend/livematch_controller.php on line 497
[22-Mar-2022 06:08:28 UTC] PHP Notice:  Trying to access array offset on value of type null in /var/www/html/fb_wp/wp-content/plugins/sports/frontend/livematch_controller.php on line 497
[22-Mar-2022 06:08:28 UTC] PHP Notice:  Undefined offset: 9 in /var/www/html/fb_wp/wp-content/plugins/sports/frontend/livematch_controller.php on line 497
[22-Mar-2022 06:08:28 UTC] PHP Notice:  Trying to access array offset on value of type null in /var/www/html/fb_wp/wp-content/plugins/sports/frontend/livematch_controller.php on line 497
[22-Mar-2022 06:08:50 UTC] PHP Notice:  Trying to access array offset on value of type null in /var/www/html/fb_wp/wp-content/themes/kickoff/framework/include/kode_front_func/kode-events-options.php on line 1797
[22-Mar-2022 06:08:50 UTC] PHP Notice:  Trying to access array offset on value of type null in /var/www/html/fb_wp/wp-content/themes/kickoff/framework/include/kode_front_func/kode-events-options.php on line 1831
[22-Mar-2022 06:08:50 UTC] PHP Notice:  Trying to access array offset on value of type null in /var/www/html/fb_wp/wp-content/plugins/kode_team/kode-team-item.php on line 227
[22-Mar-2022 06:08:50 UTC] PHP Notice:  Trying to access array offset on value of type null in /var/www/html/fb_wp/wp-content/plugins/kode_team/kode-team-item.php on line 314
[22-Mar-2022 06:08:50 UTC] PHP Notice:  Trying to access array offset on value of type null in /var/www/html/fb_wp/wp-content/plugins/kode_team/kode-team-item.php on line 314
[22-Mar-2022 06:08:50 UTC] PHP Notice:  Trying to access array offset on value of type null in /var/www/html/fb_wp/wp-content/plugins/kode_team/kode-team-item.php on line 314
[22-Mar-2022 06:08:50 UTC] PHP Notice:  Trying to access array offset on value of type null in /var/www/html/fb_wp/wp-content/plugins/kode_team/kode-team-item.php on line 314
[22-Mar-2022 06:08:50 UTC] PHP Notice:  Trying to access array offset on value of type null in /var/www/html/fb_wp/wp-content/plugins/kode_team/kode-team-item.php on line 314
[22-Mar-2022 06:08:50 UTC] PHP Notice:  Trying to access array offset on value of type null in /var/www/html/fb_wp/wp-content/plugins/kode_team/kode-team-item.php on line 314
[22-Mar-2022 06:08:50 UTC] PHP Notice:  Trying to access array offset on value of type null in /var/www/html/fb_wp/wp-content/plugins/kode_team/kode-team-item.php on line 314
[22-Mar-2022 06:08:50 UTC] PHP Notice:  Trying to access array offset on value of type null in /var/www/html/fb_wp/wp-content/plugins/kode_team/kode-team-item.php on line 314
[22-Mar-2022 06:08:50 UTC] PHP Notice:  Trying to access array offset on value of type null in /var/www/html/fb_wp/wp-content/plugins/kode_team/kode-team-item.php on line 314
[22-Mar-2022 06:08:50 UTC] PHP Notice:  Trying to access array offset on value of type null in /var/www/html/fb_wp/wp-content/plugins/kode_team/kode-team-item.php on line 314
[22-Mar-2022 06:08:50 UTC] PHP Notice:  Trying to access array offset on value of type null in /var/www/html/fb_wp/wp-content/plugins/kode_team/kode-team-item.php on line 227
[22-Mar-2022 06:08:50 UTC] PHP Notice:  Trying to access array offset on value of type null in /var/www/html/fb_wp/wp-content/plugins/kode_team/kode-team-item.php on line 314
[22-Mar-2022 06:08:50 UTC] PHP Notice:  Trying to access array offset on value of type null in /var/www/html/fb_wp/wp-content/plugins/kode_team/kode-team-item.php on line 314
[22-Mar-2022 06:08:50 UTC] PHP Notice:  Trying to access array offset on value of type null in /var/www/html/fb_wp/wp-content/plugins/kode_team/kode-team-item.php on line 314
[22-Mar-2022 06:08:50 UTC] PHP Notice:  Trying to access array offset on value of type null in /var/www/html/fb_wp/wp-content/plugins/kode_team/kode-team-item.php on line 314
[22-Mar-2022 06:08:50 UTC] PHP Notice:  Trying to access array offset on value of type null in /var/www/html/fb_wp/wp-content/plugins/kode_team/kode-team-item.php on line 314
[22-Mar-2022 06:08:50 UTC] PHP Notice:  Trying to access array offset on value of type null in /var/www/html/fb_wp/wp-content/plugins/kode_team/kode-team-item.php on line 314
[22-Mar-2022 06:08:50 UTC] PHP Notice:  Trying to access array offset on value of type null in /var/www/html/fb_wp/wp-content/plugins/kode_team/kode-team-item.php on line 314
[22-Mar-2022 06:08:50 UTC] PHP Notice:  Trying to access array offset on value of type null in /var/www/html/fb_wp/wp-content/plugins/kode_team/kode-team-item.php on line 314
[22-Mar-2022 06:08:50 UTC] PHP Notice:  Trying to access array offset on value of type null in /var/www/html/fb_wp/wp-content/plugins/kode_team/kode-team-item.php on line 314
[22-Mar-2022 06:08:50 UTC] PHP Notice:  Trying to access array offset on value of type null in /var/www/html/fb_wp/wp-content/plugins/kode_team/kode-team-item.php on line 314
[22-Mar-2022 06:08:50 UTC] PHP Notice:  Trying to access array offset on value of type null in /var/www/html/fb_wp/wp-content/plugins/kode_team/kode-team-item.php on line 227
[22-Mar-2022 06:08:50 UTC] PHP Notice:  Trying to access array offset on value of type null in /var/www/html/fb_wp/wp-content/plugins/kode_team/kode-team-item.php on line 314
[22-Mar-2022 06:08:50 UTC] PHP Notice:  Trying to access array offset on value of type null in /var/www/html/fb_wp/wp-content/plugins/kode_team/kode-team-item.php on line 314
[22-Mar-2022 06:08:50 UTC] PHP Notice:  Trying to access array offset on value of type null in /var/www/html/fb_wp/wp-content/plugins/kode_team/kode-team-item.php on line 314
[22-Mar-2022 06:08:50 UTC] PHP Notice:  Trying to access array offset on value of type null in /var/www/html/fb_wp/wp-content/plugins/kode_team/kode-team-item.php on line 314
[22-Mar-2022 06:08:50 UTC] PHP Notice:  Trying to access array offset on value of type null in /var/www/html/fb_wp/wp-content/plugins/kode_team/kode-team-item.php on line 314
[22-Mar-2022 06:08:50 UTC] PHP Notice:  Trying to access array offset on value of type null in /var/www/html/fb_wp/wp-content/plugins/kode_team/kode-team-item.php on line 314
[22-Mar-2022 06:08:50 UTC] PHP Notice:  Trying to access array offset on value of type null in /var/www/html/fb_wp/wp-content/plugins/kode_team/kode-team-item.php on line 314
[22-Mar-2022 06:08:50 UTC] PHP Notice:  Trying to access array offset on value of type null in /var/www/html/fb_wp/wp-content/plugins/kode_team/kode-team-item.php on line 314
[22-Mar-2022 06:08:50 UTC] PHP Notice:  Trying to access array offset on value of type null in /var/www/html/fb_wp/wp-content/plugins/kode_team/kode-team-item.php on line 314
[22-Mar-2022 06:08:50 UTC] PHP Notice:  Trying to access array offset on value of type null in /var/www/html/fb_wp/wp-content/plugins/kode_team/kode-team-item.php on line 314
[22-Mar-2022 06:08:50 UTC] PHP Notice:  Trying to access array offset on value of type null in /var/www/html/fb_wp/wp-content/plugins/kode_team/kode-team-item.php on line 227
[22-Mar-2022 06:08:50 UTC] PHP Notice:  Trying to access array offset on value of type null in /var/www/html/fb_wp/wp-content/plugins/kode_team/kode-team-item.php on line 314
[22-Mar-2022 06:08:50 UTC] PHP Notice:  Trying to access array offset on value of type null in /var/www/html/fb_wp/wp-content/plugins/kode_team/kode-team-item.php on line 314
[22-Mar-2022 06:08:50 UTC] PHP Notice:  Trying to access array offset on value of type null in /var/www/html/fb_wp/wp-content/plugins/kode_team/kode-team-item.php on line 314
[22-Mar-2022 06:08:50 UTC] PHP Notice:  Trying to access array offset on value of type null in /var/www/html/fb_wp/wp-content/plugins/kode_team/kode-team-item.php on line 314
[22-Mar-2022 06:08:50 UTC] PHP Notice:  Trying to access array offset on value of type null in /var/www/html/fb_wp/wp-content/plugins/kode_team/kode-team-item.php on line 314
[22-Mar-2022 06:08:50 UTC] PHP Notice:  Trying to access array offset on value of type null in /var/www/html/fb_wp/wp-content/plugins/kode_team/kode-team-item.php on line 314
[22-Mar-2022 06:08:50 UTC] PHP Notice:  Trying to access array offset on value of type null in /var/www/html/fb_wp/wp-content/plugins/kode_team/kode-team-item.php on line 314
[22-Mar-2022 06:08:50 UTC] PHP Notice:  Trying to access array offset on value of type null in /var/www/html/fb_wp/wp-content/plugins/kode_team/kode-team-item.php on line 314
[22-Mar-2022 06:08:50 UTC] PHP Notice:  Trying to access array offset on value of type null in /var/www/html/fb_wp/wp-content/plugins/kode_team/kode-team-item.php on line 314
[22-Mar-2022 06:08:50 UTC] PHP Notice:  Trying to access array offset on value of type null in /var/www/html/fb_wp/wp-content/plugins/kode_team/kode-team-item.php on line 314
[22-Mar-2022 06:08:50 UTC] PHP Notice:  Trying to access array offset on value of type null in /var/www/html/fb_wp/wp-content/plugins/kode_team/kode-team-item.php on line 227
[22-Mar-2022 06:08:50 UTC] PHP Notice:  Trying to access array offset on value of type null in /var/www/html/fb_wp/wp-content/plugins/kode_team/kode-team-item.php on line 314
[22-Mar-2022 06:08:50 UTC] PHP Notice:  Trying to access array offset on value of type null in /var/www/html/fb_wp/wp-content/plugins/kode_team/kode-team-item.php on line 314
[22-Mar-2022 06:08:50 UTC] PHP Notice:  Trying to access array offset on value of type null in /var/www/html/fb_wp/wp-content/plugins/kode_team/kode-team-item.php on line 314
[22-Mar-2022 06:08:50 UTC] PHP Notice:  Trying to access array offset on value of type null in /var/www/html/fb_wp/wp-content/plugins/kode_team/kode-team-item.php on line 314
[22-Mar-2022 06:08:50 UTC] PHP Notice:  Trying to access array offset on value of type null in /var/www/html/fb_wp/wp-content/plugins/kode_team/kode-team-item.php on line 314
[22-Mar-2022 06:08:50 UTC] PHP Notice:  Trying to access array offset on value of type null in /var/www/html/fb_wp/wp-content/plugins/kode_team/kode-team-item.php on line 314
[22-Mar-2022 06:08:50 UTC] PHP Notice:  Trying to access array offset on value of type null in /var/www/html/fb_wp/wp-content/plugins/kode_team/kode-team-item.php on line 314
[22-Mar-2022 06:08:50 UTC] PHP Notice:  Trying to access array offset on value of type null in /var/www/html/fb_wp/wp-content/plugins/kode_team/kode-team-item.php on line 314
[22-Mar-2022 06:08:50 UTC] PHP Notice:  Trying to access array offset on value of type null in /var/www/html/fb_wp/wp-content/plugins/kode_team/kode-team-item.php on line 314
[22-Mar-2022 06:08:50 UTC] PHP Notice:  Trying to access array offset on value of type null in /var/www/html/fb_wp/wp-content/plugins/kode_team/kode-team-item.php on line 314
[22-Mar-2022 06:08:50 UTC] PHP Notice:  Trying to access array offset on value of type null in /var/www/html/fb_wp/wp-content/plugins/kode_team/kode-team-item.php on line 227
[22-Mar-2022 06:08:50 UTC] PHP Notice:  Trying to access array offset on value of type null in /var/www/html/fb_wp/wp-content/plugins/kode_team/kode-team-item.php on line 314
[22-Mar-2022 06:08:50 UTC] PHP Notice:  Trying to access array offset on value of type null in /var/www/html/fb_wp/wp-content/plugins/kode_team/kode-team-item.php on line 314
[22-Mar-2022 06:08:50 UTC] PHP Notice:  Trying to access array offset on value of type null in /var/www/html/fb_wp/wp-content/plugins/kode_team/kode-team-item.php on line 314
[22-Mar-2022 06:08:50 UTC] PHP Notice:  Trying to access array offset on value of type null in /var/www/html/fb_wp/wp-content/plugins/kode_team/kode-team-item.php on line 314
[22-Mar-2022 06:08:50 UTC] PHP Notice:  Trying to access array offset on value of type null in /var/www/html/fb_wp/wp-content/plugins/kode_team/kode-team-item.php on line 314
[22-Mar-2022 06:08:50 UTC] PHP Notice:  Trying to access array offset on value of type null in /var/www/html/fb_wp/wp-content/plugins/kode_team/kode-team-item.php on line 314
[22-Mar-2022 06:08:50 UTC] PHP Notice:  Trying to access array offset on value of type null in /var/www/html/fb_wp/wp-content/plugins/kode_team/kode-team-item.php on line 314
[22-Mar-2022 06:08:50 UTC] PHP Notice:  Trying to access array offset on value of type null in /var/www/html/fb_wp/wp-content/plugins/kode_team/kode-team-item.php on line 314
[22-Mar-2022 06:08:50 UTC] PHP Notice:  Trying to access array offset on value of type null in /var/www/html/fb_wp/wp-content/plugins/kode_team/kode-team-item.php on line 314
[22-Mar-2022 06:08:50 UTC] PHP Notice:  Trying to access array offset on value of type null in /var/www/html/fb_wp/wp-content/plugins/kode_team/kode-team-item.php on line 314
[22-Mar-2022 06:08:50 UTC] PHP Notice:  Trying to access array offset on value of type null in /var/www/html/fb_wp/wp-content/plugins/kode_team/kode-team-item.php on line 227
[22-Mar-2022 06:08:50 UTC] PHP Notice:  Trying to access array offset on value of type null in /var/www/html/fb_wp/wp-content/plugins/kode_team/kode-team-item.php on line 314
[22-Mar-2022 06:08:50 UTC] PHP Notice:  Trying to access array offset on value of type null in /var/www/html/fb_wp/wp-content/plugins/kode_team/kode-team-item.php on line 314
[22-Mar-2022 06:08:50 UTC] PHP Notice:  Trying to access array offset on value of type null in /var/www/html/fb_wp/wp-content/plugins/kode_team/kode-team-item.php on line 314
[22-Mar-2022 06:08:50 UTC] PHP Notice:  Trying to access array offset on value of type null in /var/www/html/fb_wp/wp-content/plugins/kode_team/kode-team-item.php on line 314
[22-Mar-2022 06:08:50 UTC] PHP Notice:  Trying to access array offset on value of type null in /var/www/html/fb_wp/wp-content/plugins/kode_team/kode-team-item.php on line 314
[22-Mar-2022 06:08:50 UTC] PHP Notice:  Trying to access array offset on value of type null in /var/www/html/fb_wp/wp-content/plugins/kode_team/kode-team-item.php on line 314
[22-Mar-2022 06:08:50 UTC] PHP Notice:  Trying to access array offset on value of type null in /var/www/html/fb_wp/wp-content/plugins/kode_team/kode-team-item.php on line 314
[22-Mar-2022 06:08:50 UTC] PHP Notice:  Trying to access array offset on value of type null in /var/www/html/fb_wp/wp-content/plugins/kode_team/kode-team-item.php on line 314
[22-Mar-2022 06:08:50 UTC] PHP Notice:  Trying to access array offset on value of type null in /var/www/html/fb_wp/wp-content/plugins/kode_team/kode-team-item.php on line 314
[22-Mar-2022 06:08:50 UTC] PHP Notice:  Trying to access array offset on value of type null in /var/www/html/fb_wp/wp-content/plugins/kode_team/kode-team-item.php on line 314
[22-Mar-2022 06:08:50 UTC] PHP Notice:  Trying to access array offset on value of type null in /var/www/html/fb_wp/wp-content/plugins/kode_team/kode-team-item.php on line 227
[22-Mar-2022 06:08:50 UTC] PHP Notice:  Trying to access array offset on value of type null in /var/www/html/fb_wp/wp-content/plugins/kode_team/kode-team-item.php on line 314
[22-Mar-2022 06:08:50 UTC] PHP Notice:  Trying to access array offset on value of type null in /var/www/html/fb_wp/wp-content/plugins/kode_team/kode-team-item.php on line 314
[22-Mar-2022 06:08:50 UTC] PHP Notice:  Trying to access array offset on value of type null in /var/www/html/fb_wp/wp-content/plugins/kode_team/kode-team-item.php on line 314
[22-Mar-2022 06:08:50 UTC] PHP Notice:  Trying to access array offset on value of type null in /var/www/html/fb_wp/wp-content/plugins/kode_team/kode-team-item.php on line 314
[22-Mar-2022 06:08:50 UTC] PHP Notice:  Trying to access array offset on value of type null in /var/www/html/fb_wp/wp-content/plugins/kode_team/kode-team-item.php on line 314
[22-Mar-2022 06:08:50 UTC] PHP Notice:  Trying to access array offset on value of type null in /var/www/html/fb_wp/wp-content/plugins/kode_team/kode-team-item.php on line 314
[22-Mar-2022 06:08:50 UTC] PHP Notice:  Trying to access array offset on value of type null in /var/www/html/fb_wp/wp-content/plugins/kode_team/kode-team-item.php on line 314
[22-Mar-2022 06:08:50 UTC] PHP Notice:  Trying to access array offset on value of type null in /var/www/html/fb_wp/wp-content/plugins/kode_team/kode-team-item.php on line 314
[22-Mar-2022 06:08:50 UTC] PHP Notice:  Trying to access array offset on value of type null in /var/www/html/fb_wp/wp-content/plugins/kode_team/kode-team-item.php on line 314
[22-Mar-2022 06:08:50 UTC] PHP Notice:  Trying to access array offset on value of type null in /var/www/html/fb_wp/wp-content/plugins/kode_team/kode-team-item.php on line 314
[22-Mar-2022 06:08:50 UTC] PHP Notice:  Trying to access array offset on value of type null in /var/www/html/fb_wp/wp-content/plugins/kode_team/kode-team-item.php on line 636
[22-Mar-2022 06:08:50 UTC] PHP Notice:  Trying to access array offset on value of type null in /var/www/html/fb_wp/wp-content/plugins/kode_team/kode-team-item.php on line 636
[22-Mar-2022 06:08:50 UTC] PHP Notice:  Trying to access array offset on value of type null in /var/www/html/fb_wp/wp-content/plugins/kode_team/kode-team-item.php on line 636
[22-Mar-2022 06:08:50 UTC] PHP Notice:  Trying to access array offset on value of type null in /var/www/html/fb_wp/wp-content/plugins/kode_team/kode-team-item.php on line 636
[22-Mar-2022 06:08:50 UTC] PHP Notice:  Trying to access array offset on value of type null in /var/www/html/fb_wp/wp-content/plugins/kode_team/kode-team-item.php on line 636
[22-Mar-2022 06:08:50 UTC] PHP Notice:  Trying to access array offset on value of type null in /var/www/html/fb_wp/wp-content/plugins/kode_team/kode-team-item.php on line 636
[22-Mar-2022 06:08:50 UTC] PHP Notice:  Trying to access array offset on value of type null in /var/www/html/fb_wp/wp-content/plugins/kode_team/kode-team-item.php on line 636
[22-Mar-2022 06:08:50 UTC] PHP Notice:  Trying to access array offset on value of type null in /var/www/html/fb_wp/wp-content/plugins/kode_team/kode-team-item.php on line 636
[22-Mar-2022 06:08:50 UTC] PHP Notice:  Trying to access array offset on value of type null in /var/www/html/fb_wp/wp-content/themes/kickoff/framework/include/kode_front_func/kode-events-options.php on line 1797
[22-Mar-2022 06:08:50 UTC] PHP Notice:  Trying to access array offset on value of type null in /var/www/html/fb_wp/wp-content/themes/kickoff/framework/include/kode_front_func/kode-events-options.php on line 1831
[22-Mar-2022 06:08:50 UTC] PHP Notice:  Trying to access array offset on value of type null in /var/www/html/fb_wp/wp-content/themes/kickoff/framework/include/kode_front_func/kode-events-options.php on line 1797
[22-Mar-2022 06:08:50 UTC] PHP Notice:  Trying to access array offset on value of type null in /var/www/html/fb_wp/wp-content/themes/kickoff/framework/include/kode_front_func/kode-events-options.php on line 1831
[22-Mar-2022 06:08:50 UTC] PHP Notice:  Trying to access array offset on value of type null in /var/www/html/fb_wp/wp-content/themes/kickoff/framework/include/kode_front_func/kode-events-options.php on line 1797
[22-Mar-2022 06:08:50 UTC] PHP Notice:  Trying to access array offset on value of type null in /var/www/html/fb_wp/wp-content/themes/kickoff/framework/include/kode_front_func/kode-events-options.php on line 1831
[22-Mar-2022 06:08:51 UTC] PHP Notice:  Trying to access array offset on value of type null in /var/www/html/fb_wp/wp-content/plugins/kode_team/kode-team-item.php on line 227
[22-Mar-2022 06:08:51 UTC] PHP Notice:  Trying to access array offset on value of type null in /var/www/html/fb_wp/wp-content/plugins/kode_team/kode-team-item.php on line 314
[22-Mar-2022 06:08:51 UTC] PHP Notice:  Trying to access array offset on value of type null in /var/www/html/fb_wp/wp-content/plugins/kode_team/kode-team-item.php on line 314
[22-Mar-2022 06:08:51 UTC] PHP Notice:  Trying to access array offset on value of type null in /var/www/html/fb_wp/wp-content/plugins/kode_team/kode-team-item.php on line 314
[22-Mar-2022 06:08:51 UTC] PHP Notice:  Trying to access array offset on value of type null in /var/www/html/fb_wp/wp-content/plugins/kode_team/kode-team-item.php on line 314
[22-Mar-2022 06:08:51 UTC] PHP Notice:  Trying to access array offset on value of type null in /var/www/html/fb_wp/wp-content/plugins/kode_team/kode-team-item.php on line 314
[22-Mar-2022 06:08:51 UTC] PHP Notice:  Trying to access array offset on value of type null in /var/www/html/fb_wp/wp-content/plugins/kode_team/kode-team-item.php on line 314
[22-Mar-2022 06:08:51 UTC] PHP Notice:  Trying to access array offset on value of type null in /var/www/html/fb_wp/wp-content/plugins/kode_team/kode-team-item.php on line 314
[22-Mar-2022 06:08:51 UTC] PHP Notice:  Trying to access array offset on value of type null in /var/www/html/fb_wp/wp-content/plugins/kode_team/kode-team-item.php on line 314
[22-Mar-2022 06:08:51 UTC] PHP Notice:  Trying to access array offset on value of type null in /var/www/html/fb_wp/wp-content/plugins/kode_team/kode-team-item.php on line 314
[22-Mar-2022 06:08:51 UTC] PHP Notice:  Trying to access array offset on value of type null in /var/www/html/fb_wp/wp-content/plugins/kode_team/kode-team-item.php on line 314
[22-Mar-2022 06:08:51 UTC] PHP Notice:  Trying to access array offset on value of type null in /var/www/html/fb_wp/wp-content/plugins/kode_team/kode-team-item.php on line 227
[22-Mar-2022 06:08:51 UTC] PHP Notice:  Trying to access array offset on value of type null in /var/www/html/fb_wp/wp-content/plugins/kode_team/kode-team-item.php on line 314
[22-Mar-2022 06:08:51 UTC] PHP Notice:  Trying to access array offset on value of type null in /var/www/html/fb_wp/wp-content/plugins/kode_team/kode-team-item.php on line 314
[22-Mar-2022 06:08:51 UTC] PHP Notice:  Trying to access array offset on value of type null in /var/www/html/fb_wp/wp-content/plugins/kode_team/kode-team-item.php on line 314
[22-Mar-2022 06:08:51 UTC] PHP Notice:  Trying to access array offset on value of type null in /var/www/html/fb_wp/wp-content/plugins/kode_team/kode-team-item.php on line 314
[22-Mar-2022 06:08:51 UTC] PHP Notice:  Trying to access array offset on value of type null in /var/www/html/fb_wp/wp-content/plugins/kode_team/kode-team-item.php on line 314
[22-Mar-2022 06:08:51 UTC] PHP Notice:  Trying to access array offset on value of type null in /var/www/html/fb_wp/wp-content/plugins/kode_team/kode-team-item.php on line 314
[22-Mar-2022 06:08:51 UTC] PHP Notice:  Trying to access array offset on value of type null in /var/www/html/fb_wp/wp-content/plugins/kode_team/kode-team-item.php on line 314
[22-Mar-2022 06:08:51 UTC] PHP Notice:  Trying to access array offset on value of type null in /var/www/html/fb_wp/wp-content/plugins/kode_team/kode-team-item.php on line 314
[22-Mar-2022 06:08:51 UTC] PHP Notice:  Trying to access array offset on value of type null in /var/www/html/fb_wp/wp-content/plugins/kode_team/kode-team-item.php on line 314
[22-Mar-2022 06:08:51 UTC] PHP Notice:  Trying to access array offset on value of type null in /var/www/html/fb_wp/wp-content/plugins/kode_team/kode-team-item.php on line 314
[22-Mar-2022 06:08:51 UTC] PHP Notice:  Trying to access array offset on value of type null in /var/www/html/fb_wp/wp-content/plugins/kode_team/kode-team-item.php on line 227
[22-Mar-2022 06:08:51 UTC] PHP Notice:  Trying to access array offset on value of type null in /var/www/html/fb_wp/wp-content/plugins/kode_team/kode-team-item.php on line 314
[22-Mar-2022 06:08:51 UTC] PHP Notice:  Trying to access array offset on value of type null in /var/www/html/fb_wp/wp-content/plugins/kode_team/kode-team-item.php on line 314
[22-Mar-2022 06:08:51 UTC] PHP Notice:  Trying to access array offset on value of type null in /var/www/html/fb_wp/wp-content/plugins/kode_team/kode-team-item.php on line 314
[22-Mar-2022 06:08:51 UTC] PHP Notice:  Trying to access array offset on value of type null in /var/www/html/fb_wp/wp-content/plugins/kode_team/kode-team-item.php on line 314
[22-Mar-2022 06:08:51 UTC] PHP Notice:  Trying to access array offset on value of type null in /var/www/html/fb_wp/wp-content/plugins/kode_team/kode-team-item.php on line 314
[22-Mar-2022 06:08:51 UTC] PHP Notice:  Trying to access array offset on value of type null in /var/www/html/fb_wp/wp-content/plugins/kode_team/kode-team-item.php on line 314
[22-Mar-2022 06:08:51 UTC] PHP Notice:  Trying to access array offset on value of type null in /var/www/html/fb_wp/wp-content/plugins/kode_team/kode-team-item.php on line 314
[22-Mar-2022 06:08:51 UTC] PHP Notice:  Trying to access array offset on value of type null in /var/www/html/fb_wp/wp-content/plugins/kode_team/kode-team-item.php on line 314
[22-Mar-2022 06:08:51 UTC] PHP Notice:  Trying to access array offset on value of type null in /var/www/html/fb_wp/wp-content/plugins/kode_team/kode-team-item.php on line 314
[22-Mar-2022 06:08:51 UTC] PHP Notice:  Trying to access array offset on value of type null in /var/www/html/fb_wp/wp-content/plugins/kode_team/kode-team-item.php on line 314
[22-Mar-2022 06:08:51 UTC] PHP Notice:  Trying to access array offset on value of type null in /var/www/html/fb_wp/wp-content/plugins/kode_team/kode-team-item.php on line 227
[22-Mar-2022 06:08:51 UTC] PHP Notice:  Trying to access array offset on value of type null in /var/www/html/fb_wp/wp-content/plugins/kode_team/kode-team-item.php on line 314
[22-Mar-2022 06:08:51 UTC] PHP Notice:  Trying to access array offset on value of type null in /var/www/html/fb_wp/wp-content/plugins/kode_team/kode-team-item.php on line 314
[22-Mar-2022 06:08:51 UTC] PHP Notice:  Trying to access array offset on value of type null in /var/www/html/fb_wp/wp-content/plugins/kode_team/kode-team-item.php on line 314
[22-Mar-2022 06:08:51 UTC] PHP Notice:  Trying to access array offset on value of type null in /var/www/html/fb_wp/wp-content/plugins/kode_team/kode-team-item.php on line 314
[22-Mar-2022 06:08:51 UTC] PHP Notice:  Trying to access array offset on value of type null in /var/www/html/fb_wp/wp-content/plugins/kode_team/kode-team-item.php on line 314
[22-Mar-2022 06:08:51 UTC] PHP Notice:  Trying to access array offset on value of type null in /var/www/html/fb_wp/wp-content/plugins/kode_team/kode-team-item.php on line 314
[22-Mar-2022 06:08:51 UTC] PHP Notice:  Trying to access array offset on value of type null in /var/www/html/fb_wp/wp-content/plugins/kode_team/kode-team-item.php on line 314
[22-Mar-2022 06:08:51 UTC] PHP Notice:  Trying to access array offset on value of type null in /var/www/html/fb_wp/wp-content/plugins/kode_team/kode-team-item.php on line 314
[22-Mar-2022 06:08:51 UTC] PHP Notice:  Trying to access array offset on value of type null in /var/www/html/fb_wp/wp-content/plugins/kode_team/kode-team-item.php on line 314
[22-Mar-2022 06:08:51 UTC] PHP Notice:  Trying to access array offset on value of type null in /var/www/html/fb_wp/wp-content/plugins/kode_team/kode-team-item.php on line 314
[22-Mar-2022 06:08:51 UTC] PHP Notice:  Trying to access array offset on value of type null in /var/www/html/fb_wp/wp-content/plugins/kode_team/kode-team-item.php on line 227
[22-Mar-2022 06:08:51 UTC] PHP Notice:  Trying to access array offset on value of type null in /var/www/html/fb_wp/wp-content/plugins/kode_team/kode-team-item.php on line 314
[22-Mar-2022 06:08:51 UTC] PHP Notice:  Trying to access array offset on value of type null in /var/www/html/fb_wp/wp-content/plugins/kode_team/kode-team-item.php on line 314
[22-Mar-2022 06:08:51 UTC] PHP Notice:  Trying to access array offset on value of type null in /var/www/html/fb_wp/wp-content/plugins/kode_team/kode-team-item.php on line 314
[22-Mar-2022 06:08:51 UTC] PHP Notice:  Trying to access array offset on value of type null in /var/www/html/fb_wp/wp-content/plugins/kode_team/kode-team-item.php on line 314
[22-Mar-2022 06:08:51 UTC] PHP Notice:  Trying to access array offset on value of type null in /var/www/html/fb_wp/wp-content/plugins/kode_team/kode-team-item.php on line 314
[22-Mar-2022 06:08:51 UTC] PHP Notice:  Trying to access array offset on value of type null in /var/www/html/fb_wp/wp-content/plugins/kode_team/kode-team-item.php on line 314
[22-Mar-2022 06:08:51 UTC] PHP Notice:  Trying to access array offset on value of type null in /var/www/html/fb_wp/wp-content/plugins/kode_team/kode-team-item.php on line 314
[22-Mar-2022 06:08:51 UTC] PHP Notice:  Trying to access array offset on value of type null in /var/www/html/fb_wp/wp-content/plugins/kode_team/kode-team-item.php on line 314
[22-Mar-2022 06:08:51 UTC] PHP Notice:  Trying to access array offset on value of type null in /var/www/html/fb_wp/wp-content/plugins/kode_team/kode-team-item.php on line 314
[22-Mar-2022 06:08:51 UTC] PHP Notice:  Trying to access array offset on value of type null in /var/www/html/fb_wp/wp-content/plugins/kode_team/kode-team-item.php on line 314
[22-Mar-2022 06:08:51 UTC] PHP Notice:  Trying to access array offset on value of type null in /var/www/html/fb_wp/wp-content/plugins/kode_team/kode-team-item.php on line 227
[22-Mar-2022 06:08:51 UTC] PHP Notice:  Trying to access array offset on value of type null in /var/www/html/fb_wp/wp-content/plugins/kode_team/kode-team-item.php on line 314
[22-Mar-2022 06:08:51 UTC] PHP Notice:  Trying to access array offset on value of type null in /var/www/html/fb_wp/wp-content/plugins/kode_team/kode-team-item.php on line 314
[22-Mar-2022 06:08:51 UTC] PHP Notice:  Trying to access array offset on value of type null in /var/www/html/fb_wp/wp-content/plugins/kode_team/kode-team-item.php on line 314
[22-Mar-2022 06:08:51 UTC] PHP Notice:  Trying to access array offset on value of type null in /var/www/html/fb_wp/wp-content/plugins/kode_team/kode-team-item.php on line 314
[22-Mar-2022 06:08:51 UTC] PHP Notice:  Trying to access array offset on value of type null in /var/www/html/fb_wp/wp-content/plugins/kode_team/kode-team-item.php on line 314
[22-Mar-2022 06:08:51 UTC] PHP Notice:  Trying to access array offset on value of type null in /var/www/html/fb_wp/wp-content/plugins/kode_team/kode-team-item.php on line 314
[22-Mar-2022 06:08:51 UTC] PHP Notice:  Trying to access array offset on value of type null in /var/www/html/fb_wp/wp-content/plugins/kode_team/kode-team-item.php on line 314
[22-Mar-2022 06:08:51 UTC] PHP Notice:  Trying to access array offset on value of type null in /var/www/html/fb_wp/wp-content/plugins/kode_team/kode-team-item.php on line 314
[22-Mar-2022 06:08:51 UTC] PHP Notice:  Trying to access array offset on value of type null in /var/www/html/fb_wp/wp-content/plugins/kode_team/kode-team-item.php on line 314
[22-Mar-2022 06:08:51 UTC] PHP Notice:  Trying to access array offset on value of type null in /var/www/html/fb_wp/wp-content/plugins/kode_team/kode-team-item.php on line 314
[22-Mar-2022 06:08:51 UTC] PHP Notice:  Trying to access array offset on value of type null in /var/www/html/fb_wp/wp-content/plugins/kode_team/kode-team-item.php on line 227
[22-Mar-2022 06:08:51 UTC] PHP Notice:  Trying to access array offset on value of type null in /var/www/html/fb_wp/wp-content/plugins/kode_team/kode-team-item.php on line 314
[22-Mar-2022 06:08:51 UTC] PHP Notice:  Trying to access array offset on value of type null in /var/www/html/fb_wp/wp-content/plugins/kode_team/kode-team-item.php on line 314
[22-Mar-2022 06:08:51 UTC] PHP Notice:  Trying to access array offset on value of type null in /var/www/html/fb_wp/wp-content/plugins/kode_team/kode-team-item.php on line 314
[22-Mar-2022 06:08:51 UTC] PHP Notice:  Trying to access array offset on value of type null in /var/www/html/fb_wp/wp-content/plugins/kode_team/kode-team-item.php on line 314
[22-Mar-2022 06:08:51 UTC] PHP Notice:  Trying to access array offset on value of type null in /var/www/html/fb_wp/wp-content/plugins/kode_team/kode-team-item.php on line 314
[22-Mar-2022 06:08:51 UTC] PHP Notice:  Trying to access array offset on value of type null in /var/www/html/fb_wp/wp-content/plugins/kode_team/kode-team-item.php on line 314
[22-Mar-2022 06:08:51 UTC] PHP Notice:  Trying to access array offset on value of type null in /var/www/html/fb_wp/wp-content/plugins/kode_team/kode-team-item.php on line 314
[22-Mar-2022 06:08:51 UTC] PHP Notice:  Trying to access array offset on value of type null in /var/www/html/fb_wp/wp-content/plugins/kode_team/kode-team-item.php on line 314
[22-Mar-2022 06:08:51 UTC] PHP Notice:  Trying to access array offset on value of type null in /var/www/html/fb_wp/wp-content/plugins/kode_team/kode-team-item.php on line 314
[22-Mar-2022 06:08:51 UTC] PHP Notice:  Trying to access array offset on value of type null in /var/www/html/fb_wp/wp-content/plugins/kode_team/kode-team-item.php on line 314
[22-Mar-2022 06:08:51 UTC] PHP Notice:  Trying to access array offset on value of type null in /var/www/html/fb_wp/wp-content/plugins/kode_team/kode-team-item.php on line 227
[22-Mar-2022 06:08:51 UTC] PHP Notice:  Trying to access array offset on value of type null in /var/www/html/fb_wp/wp-content/plugins/kode_team/kode-team-item.php on line 314
[22-Mar-2022 06:08:51 UTC] PHP Notice:  Trying to access array offset on value of type null in /var/www/html/fb_wp/wp-content/plugins/kode_team/kode-team-item.php on line 314
[22-Mar-2022 06:08:51 UTC] PHP Notice:  Trying to access array offset on value of type null in /var/www/html/fb_wp/wp-content/plugins/kode_team/kode-team-item.php on line 314
[22-Mar-2022 06:08:51 UTC] PHP Notice:  Trying to access array offset on value of type null in /var/www/html/fb_wp/wp-content/plugins/kode_team/kode-team-item.php on line 314
[22-Mar-2022 06:08:51 UTC] PHP Notice:  Trying to access array offset on value of type null in /var/www/html/fb_wp/wp-content/plugins/kode_team/kode-team-item.php on line 314
[22-Mar-2022 06:08:51 UTC] PHP Notice:  Trying to access array offset on value of type null in /var/www/html/fb_wp/wp-content/plugins/kode_team/kode-team-item.php on line 314
[22-Mar-2022 06:08:51 UTC] PHP Notice:  Trying to access array offset on value of type null in /var/www/html/fb_wp/wp-content/plugins/kode_team/kode-team-item.php on line 314
[22-Mar-2022 06:08:51 UTC] PHP Notice:  Trying to access array offset on value of type null in /var/www/html/fb_wp/wp-content/plugins/kode_team/kode-team-item.php on line 314
[22-Mar-2022 06:08:51 UTC] PHP Notice:  Trying to access array offset on value of type null in /var/www/html/fb_wp/wp-content/plugins/kode_team/kode-team-item.php on line 314
[22-Mar-2022 06:08:51 UTC] PHP Notice:  Trying to access array offset on value of type null in /var/www/html/fb_wp/wp-content/plugins/kode_team/kode-team-item.php on line 314
[22-Mar-2022 06:08:51 UTC] PHP Notice:  Trying to access array offset on value of type null in /var/www/html/fb_wp/wp-content/plugins/kode_team/kode-team-item.php on line 636
[22-Mar-2022 06:08:51 UTC] PHP Notice:  Trying to access array offset on value of type null in /var/www/html/fb_wp/wp-content/plugins/kode_team/kode-team-item.php on line 636
[22-Mar-2022 06:08:51 UTC] PHP Notice:  Trying to access array offset on value of type null in /var/www/html/fb_wp/wp-content/plugins/kode_team/kode-team-item.php on line 636
[22-Mar-2022 06:08:51 UTC] PHP Notice:  Trying to access array offset on value of type null in /var/www/html/fb_wp/wp-content/plugins/kode_team/kode-team-item.php on line 636
[22-Mar-2022 06:08:51 UTC] PHP Notice:  Trying to access array offset on value of type null in /var/www/html/fb_wp/wp-content/plugins/kode_team/kode-team-item.php on line 636
[22-Mar-2022 06:08:51 UTC] PHP Notice:  Trying to access array offset on value of type null in /var/www/html/fb_wp/wp-content/plugins/kode_team/kode-team-item.php on line 636
[22-Mar-2022 06:08:51 UTC] PHP Notice:  Trying to access array offset on value of type null in /var/www/html/fb_wp/wp-content/plugins/kode_team/kode-team-item.php on line 636
[22-Mar-2022 06:08:51 UTC] PHP Notice:  Trying to access array offset on value of type null in /var/www/html/fb_wp/wp-content/plugins/kode_team/kode-team-item.php on line 636
[22-Mar-2022 06:08:51 UTC] PHP Notice:  Trying to access array offset on value of type null in /var/www/html/fb_wp/wp-content/themes/kickoff/framework/include/kode_front_func/kode-events-options.php on line 1797
[22-Mar-2022 06:08:51 UTC] PHP Notice:  Trying to access array offset on value of type null in /var/www/html/fb_wp/wp-content/themes/kickoff/framework/include/kode_front_func/kode-events-options.php on line 1831
[22-Mar-2022 06:08:51 UTC] PHP Notice:  Trying to access array offset on value of type null in /var/www/html/fb_wp/wp-content/themes/kickoff/framework/include/kode_front_func/kode-events-options.php on line 1797
[22-Mar-2022 06:08:51 UTC] PHP Notice:  Trying to access array offset on value of type null in /var/www/html/fb_wp/wp-content/themes/kickoff/framework/include/kode_front_func/kode-events-options.php on line 1831
[22-Mar-2022 06:08:53 UTC] PHP Warning:  count(): Parameter must be an array or an object that implements Countable in /var/www/html/fb_wp/wp-content/plugins/sports/frontend/livematch_controller.php on line 201
[22-Mar-2022 06:08:53 UTC] PHP Notice:  Object of class stdClass could not be converted to int in /var/www/html/fb_wp/wp-content/plugins/sports/frontend/livematch_controller.php on line 295
