2022-03-22T04:25:51+00:00 CRITICAL Uncaught TypeError: count(): Argument #1 ($value) must be of type Countable|array, stdClass given in /var/www/html/fb_wp/wp-content/plugins/sports/frontend/livematch_controller.php:201
Stack trace:
#0 /var/www/html/fb_wp/wp-includes/class-wp-hook.php(303): live_match_list_Controller->upcoming_match_list()
#1 /var/www/html/fb_wp/wp-includes/class-wp-hook.php(327): WP_Hook->apply_filters()
#2 /var/www/html/fb_wp/wp-includes/plugin.php(470): WP_Hook->do_action()
#3 /var/www/html/fb_wp/wp-admin/admin-ajax.php(187): do_action()
#4 {main}
  thrown in /var/www/html/fb_wp/wp-content/plugins/sports/frontend/livematch_controller.php on line 201

2022-03-22T04:37:11+00:00 CRITICAL Uncaught TypeError: Unsupported operand types: int + string in /var/www/html/fb_wp/wp-content/plugins/sports/frontend/leaderboard_controller.php:387
Stack trace:
#0 /var/www/html/fb_wp/wp-includes/class-wp-hook.php(303): leader_board_Controller->load_match_score_details()
#1 /var/www/html/fb_wp/wp-includes/class-wp-hook.php(327): WP_Hook->apply_filters()
#2 /var/www/html/fb_wp/wp-includes/plugin.php(470): WP_Hook->do_action()
#3 /var/www/html/fb_wp/wp-admin/admin-ajax.php(187): do_action()
#4 {main}
  thrown in /var/www/html/fb_wp/wp-content/plugins/sports/frontend/leaderboard_controller.php on line 387

2022-03-22T04:37:22+00:00 CRITICAL Uncaught TypeError: Unsupported operand types: int + string in /var/www/html/fb_wp/wp-content/plugins/sports/frontend/leaderboard_controller.php:387
Stack trace:
#0 /var/www/html/fb_wp/wp-includes/class-wp-hook.php(303): leader_board_Controller->load_match_score_details()
#1 /var/www/html/fb_wp/wp-includes/class-wp-hook.php(327): WP_Hook->apply_filters()
#2 /var/www/html/fb_wp/wp-includes/plugin.php(470): WP_Hook->do_action()
#3 /var/www/html/fb_wp/wp-admin/admin-ajax.php(187): do_action()
#4 {main}
  thrown in /var/www/html/fb_wp/wp-content/plugins/sports/frontend/leaderboard_controller.php on line 387

2022-03-22T04:39:04+00:00 CRITICAL Uncaught TypeError: Unsupported operand types: int + string in /var/www/html/fb_wp/wp-content/plugins/sports/frontend/leaderboard_controller.php:389
Stack trace:
#0 /var/www/html/fb_wp/wp-includes/class-wp-hook.php(303): leader_board_Controller->load_match_score_details()
#1 /var/www/html/fb_wp/wp-includes/class-wp-hook.php(327): WP_Hook->apply_filters()
#2 /var/www/html/fb_wp/wp-includes/plugin.php(470): WP_Hook->do_action()
#3 /var/www/html/fb_wp/wp-admin/admin-ajax.php(187): do_action()
#4 {main}
  thrown in /var/www/html/fb_wp/wp-content/plugins/sports/frontend/leaderboard_controller.php on line 389

2022-03-22T04:39:47+00:00 CRITICAL Uncaught TypeError: Unsupported operand types: int + string in /var/www/html/fb_wp/wp-content/plugins/sports/frontend/leaderboard_controller.php:391
Stack trace:
#0 /var/www/html/fb_wp/wp-includes/class-wp-hook.php(303): leader_board_Controller->load_match_score_details()
#1 /var/www/html/fb_wp/wp-includes/class-wp-hook.php(327): WP_Hook->apply_filters()
#2 /var/www/html/fb_wp/wp-includes/plugin.php(470): WP_Hook->do_action()
#3 /var/www/html/fb_wp/wp-admin/admin-ajax.php(187): do_action()
#4 {main}
  thrown in /var/www/html/fb_wp/wp-content/plugins/sports/frontend/leaderboard_controller.php on line 391

2022-03-22T04:52:18+00:00 CRITICAL Uncaught TypeError: Unsupported operand types: int + string in /var/www/html/fb_wp/wp-content/plugins/sports/frontend/leaderboard_controller.php:390
Stack trace:
#0 /var/www/html/fb_wp/wp-includes/class-wp-hook.php(303): leader_board_Controller->load_match_score_details()
#1 /var/www/html/fb_wp/wp-includes/class-wp-hook.php(327): WP_Hook->apply_filters()
#2 /var/www/html/fb_wp/wp-includes/plugin.php(470): WP_Hook->do_action()
#3 /var/www/html/fb_wp/wp-admin/admin-ajax.php(187): do_action()
#4 {main}
  thrown in /var/www/html/fb_wp/wp-content/plugins/sports/frontend/leaderboard_controller.php on line 390

2022-03-22T04:52:48+00:00 CRITICAL Uncaught TypeError: Unsupported operand types: int + string in /var/www/html/fb_wp/wp-content/plugins/sports/frontend/leaderboard_controller.php:392
Stack trace:
#0 /var/www/html/fb_wp/wp-includes/class-wp-hook.php(303): leader_board_Controller->load_match_score_details()
#1 /var/www/html/fb_wp/wp-includes/class-wp-hook.php(327): WP_Hook->apply_filters()
#2 /var/www/html/fb_wp/wp-includes/plugin.php(470): WP_Hook->do_action()
#3 /var/www/html/fb_wp/wp-admin/admin-ajax.php(187): do_action()
#4 {main}
  thrown in /var/www/html/fb_wp/wp-content/plugins/sports/frontend/leaderboard_controller.php on line 392

2022-03-22T04:53:57+00:00 CRITICAL Uncaught TypeError: Unsupported operand types: int + string in /var/www/html/fb_wp/wp-content/plugins/sports/frontend/leaderboard_controller.php:390
Stack trace:
#0 /var/www/html/fb_wp/wp-includes/class-wp-hook.php(303): leader_board_Controller->load_match_score_details()
#1 /var/www/html/fb_wp/wp-includes/class-wp-hook.php(327): WP_Hook->apply_filters()
#2 /var/www/html/fb_wp/wp-includes/plugin.php(470): WP_Hook->do_action()
#3 /var/www/html/fb_wp/wp-admin/admin-ajax.php(187): do_action()
#4 {main}
  thrown in /var/www/html/fb_wp/wp-content/plugins/sports/frontend/leaderboard_controller.php on line 390

2022-03-22T04:54:21+00:00 CRITICAL Uncaught TypeError: Unsupported operand types: string * string in /var/www/html/fb_wp/wp-content/plugins/sports/frontend/leaderboard_controller.php:386
Stack trace:
#0 /var/www/html/fb_wp/wp-includes/class-wp-hook.php(303): leader_board_Controller->load_match_score_details()
#1 /var/www/html/fb_wp/wp-includes/class-wp-hook.php(327): WP_Hook->apply_filters()
#2 /var/www/html/fb_wp/wp-includes/plugin.php(470): WP_Hook->do_action()
#3 /var/www/html/fb_wp/wp-admin/admin-ajax.php(187): do_action()
#4 {main}
  thrown in /var/www/html/fb_wp/wp-content/plugins/sports/frontend/leaderboard_controller.php on line 386

2022-03-22T04:54:42+00:00 CRITICAL Uncaught TypeError: Unsupported operand types: int + string in /var/www/html/fb_wp/wp-content/plugins/sports/frontend/leaderboard_controller.php:390
Stack trace:
#0 /var/www/html/fb_wp/wp-includes/class-wp-hook.php(303): leader_board_Controller->load_match_score_details()
#1 /var/www/html/fb_wp/wp-includes/class-wp-hook.php(327): WP_Hook->apply_filters()
#2 /var/www/html/fb_wp/wp-includes/plugin.php(470): WP_Hook->do_action()
#3 /var/www/html/fb_wp/wp-admin/admin-ajax.php(187): do_action()
#4 {main}
  thrown in /var/www/html/fb_wp/wp-content/plugins/sports/frontend/leaderboard_controller.php on line 390

2022-03-22T04:55:28+00:00 CRITICAL Uncaught TypeError: Unsupported operand types: string * string in /var/www/html/fb_wp/wp-content/plugins/sports/frontend/leaderboard_controller.php:386
Stack trace:
#0 /var/www/html/fb_wp/wp-includes/class-wp-hook.php(303): leader_board_Controller->load_match_score_details()
#1 /var/www/html/fb_wp/wp-includes/class-wp-hook.php(327): WP_Hook->apply_filters()
#2 /var/www/html/fb_wp/wp-includes/plugin.php(470): WP_Hook->do_action()
#3 /var/www/html/fb_wp/wp-admin/admin-ajax.php(187): do_action()
#4 {main}
  thrown in /var/www/html/fb_wp/wp-content/plugins/sports/frontend/leaderboard_controller.php on line 386

2022-03-22T04:55:42+00:00 CRITICAL Uncaught TypeError: Unsupported operand types: int + string in /var/www/html/fb_wp/wp-content/plugins/sports/frontend/leaderboard_controller.php:390
Stack trace:
#0 /var/www/html/fb_wp/wp-includes/class-wp-hook.php(303): leader_board_Controller->load_match_score_details()
#1 /var/www/html/fb_wp/wp-includes/class-wp-hook.php(327): WP_Hook->apply_filters()
#2 /var/www/html/fb_wp/wp-includes/plugin.php(470): WP_Hook->do_action()
#3 /var/www/html/fb_wp/wp-admin/admin-ajax.php(187): do_action()
#4 {main}
  thrown in /var/www/html/fb_wp/wp-content/plugins/sports/frontend/leaderboard_controller.php on line 390

2022-03-22T04:55:54+00:00 CRITICAL Uncaught TypeError: Unsupported operand types: int + string in /var/www/html/fb_wp/wp-content/plugins/sports/frontend/leaderboard_controller.php:390
Stack trace:
#0 /var/www/html/fb_wp/wp-includes/class-wp-hook.php(303): leader_board_Controller->load_match_score_details()
#1 /var/www/html/fb_wp/wp-includes/class-wp-hook.php(327): WP_Hook->apply_filters()
#2 /var/www/html/fb_wp/wp-includes/plugin.php(470): WP_Hook->do_action()
#3 /var/www/html/fb_wp/wp-admin/admin-ajax.php(187): do_action()
#4 {main}
  thrown in /var/www/html/fb_wp/wp-content/plugins/sports/frontend/leaderboard_controller.php on line 390

2022-03-22T04:56:16+00:00 CRITICAL Uncaught TypeError: Unsupported operand types: string * string in /var/www/html/fb_wp/wp-content/plugins/sports/frontend/leaderboard_controller.php:386
Stack trace:
#0 /var/www/html/fb_wp/wp-includes/class-wp-hook.php(303): leader_board_Controller->load_match_score_details()
#1 /var/www/html/fb_wp/wp-includes/class-wp-hook.php(327): WP_Hook->apply_filters()
#2 /var/www/html/fb_wp/wp-includes/plugin.php(470): WP_Hook->do_action()
#3 /var/www/html/fb_wp/wp-admin/admin-ajax.php(187): do_action()
#4 {main}
  thrown in /var/www/html/fb_wp/wp-content/plugins/sports/frontend/leaderboard_controller.php on line 386

2022-03-22T04:58:27+00:00 CRITICAL Uncaught TypeError: Unsupported operand types: int + string in /var/www/html/fb_wp/wp-content/plugins/sports/frontend/leaderboard_controller.php:391
Stack trace:
#0 /var/www/html/fb_wp/wp-includes/class-wp-hook.php(303): leader_board_Controller->load_match_score_details()
#1 /var/www/html/fb_wp/wp-includes/class-wp-hook.php(327): WP_Hook->apply_filters()
#2 /var/www/html/fb_wp/wp-includes/plugin.php(470): WP_Hook->do_action()
#3 /var/www/html/fb_wp/wp-admin/admin-ajax.php(187): do_action()
#4 {main}
  thrown in /var/www/html/fb_wp/wp-content/plugins/sports/frontend/leaderboard_controller.php on line 391

2022-03-22T05:00:33+00:00 CRITICAL Uncaught TypeError: Unsupported operand types: int + string in /var/www/html/fb_wp/wp-content/plugins/sports/frontend/leaderboard_controller.php:394
Stack trace:
#0 /var/www/html/fb_wp/wp-includes/class-wp-hook.php(303): leader_board_Controller->load_match_score_details()
#1 /var/www/html/fb_wp/wp-includes/class-wp-hook.php(327): WP_Hook->apply_filters()
#2 /var/www/html/fb_wp/wp-includes/plugin.php(470): WP_Hook->do_action()
#3 /var/www/html/fb_wp/wp-admin/admin-ajax.php(187): do_action()
#4 {main}
  thrown in /var/www/html/fb_wp/wp-content/plugins/sports/frontend/leaderboard_controller.php on line 394

2022-03-22T05:00:47+00:00 CRITICAL Uncaught TypeError: Unsupported operand types: int + string in /var/www/html/fb_wp/wp-content/plugins/sports/frontend/leaderboard_controller.php:394
Stack trace:
#0 /var/www/html/fb_wp/wp-includes/class-wp-hook.php(303): leader_board_Controller->load_match_score_details()
#1 /var/www/html/fb_wp/wp-includes/class-wp-hook.php(327): WP_Hook->apply_filters()
#2 /var/www/html/fb_wp/wp-includes/plugin.php(470): WP_Hook->do_action()
#3 /var/www/html/fb_wp/wp-admin/admin-ajax.php(187): do_action()
#4 {main}
  thrown in /var/www/html/fb_wp/wp-content/plugins/sports/frontend/leaderboard_controller.php on line 394

2022-03-22T05:01:22+00:00 CRITICAL Uncaught TypeError: Unsupported operand types: int + string in /var/www/html/fb_wp/wp-content/plugins/sports/frontend/leaderboard_controller.php:394
Stack trace:
#0 /var/www/html/fb_wp/wp-includes/class-wp-hook.php(303): leader_board_Controller->load_match_score_details()
#1 /var/www/html/fb_wp/wp-includes/class-wp-hook.php(327): WP_Hook->apply_filters()
#2 /var/www/html/fb_wp/wp-includes/plugin.php(470): WP_Hook->do_action()
#3 /var/www/html/fb_wp/wp-admin/admin-ajax.php(187): do_action()
#4 {main}
  thrown in /var/www/html/fb_wp/wp-content/plugins/sports/frontend/leaderboard_controller.php on line 394

2022-03-22T05:05:52+00:00 CRITICAL Uncaught TypeError: Unsupported operand types: string * string in /var/www/html/fb_wp/wp-content/plugins/sports/frontend/leaderboard_controller.php:448
Stack trace:
#0 /var/www/html/fb_wp/wp-includes/class-wp-hook.php(303): leader_board_Controller->load_match_score_details()
#1 /var/www/html/fb_wp/wp-includes/class-wp-hook.php(327): WP_Hook->apply_filters()
#2 /var/www/html/fb_wp/wp-includes/plugin.php(470): WP_Hook->do_action()
#3 /var/www/html/fb_wp/wp-admin/admin-ajax.php(187): do_action()
#4 {main}
  thrown in /var/www/html/fb_wp/wp-content/plugins/sports/frontend/leaderboard_controller.php on line 448

2022-03-22T05:12:25+00:00 CRITICAL Uncaught TypeError: count(): Argument #1 ($value) must be of type Countable|array, stdClass given in /var/www/html/fb_wp/wp-content/plugins/sports/frontend/livematch_controller.php:201
Stack trace:
#0 /var/www/html/fb_wp/wp-includes/class-wp-hook.php(303): live_match_list_Controller->upcoming_match_list()
#1 /var/www/html/fb_wp/wp-includes/class-wp-hook.php(327): WP_Hook->apply_filters()
#2 /var/www/html/fb_wp/wp-includes/plugin.php(470): WP_Hook->do_action()
#3 /var/www/html/fb_wp/wp-admin/admin-ajax.php(202): do_action()
#4 {main}
  thrown in /var/www/html/fb_wp/wp-content/plugins/sports/frontend/livematch_controller.php on line 201

2022-03-22T05:12:56+00:00 CRITICAL Uncaught TypeError: count(): Argument #1 ($value) must be of type Countable|array, stdClass given in /var/www/html/fb_wp/wp-content/plugins/sports/frontend/livematch_controller.php:201
Stack trace:
#0 /var/www/html/fb_wp/wp-includes/class-wp-hook.php(303): live_match_list_Controller->upcoming_match_list()
#1 /var/www/html/fb_wp/wp-includes/class-wp-hook.php(327): WP_Hook->apply_filters()
#2 /var/www/html/fb_wp/wp-includes/plugin.php(470): WP_Hook->do_action()
#3 /var/www/html/fb_wp/wp-admin/admin-ajax.php(202): do_action()
#4 {main}
  thrown in /var/www/html/fb_wp/wp-content/plugins/sports/frontend/livematch_controller.php on line 201

2022-03-22T05:13:05+00:00 CRITICAL Uncaught TypeError: count(): Argument #1 ($value) must be of type Countable|array, stdClass given in /var/www/html/fb_wp/wp-content/plugins/sports/frontend/livematch_controller.php:201
Stack trace:
#0 /var/www/html/fb_wp/wp-includes/class-wp-hook.php(303): live_match_list_Controller->upcoming_match_list()
#1 /var/www/html/fb_wp/wp-includes/class-wp-hook.php(327): WP_Hook->apply_filters()
#2 /var/www/html/fb_wp/wp-includes/plugin.php(470): WP_Hook->do_action()
#3 /var/www/html/fb_wp/wp-admin/admin-ajax.php(187): do_action()
#4 {main}
  thrown in /var/www/html/fb_wp/wp-content/plugins/sports/frontend/livematch_controller.php on line 201

2022-03-22T05:18:29+00:00 CRITICAL Uncaught TypeError: count(): Argument #1 ($value) must be of type Countable|array, stdClass given in /var/www/html/fb_wp/wp-content/plugins/sports/frontend/livematch_controller.php:201
Stack trace:
#0 /var/www/html/fb_wp/wp-includes/class-wp-hook.php(303): live_match_list_Controller->upcoming_match_list()
#1 /var/www/html/fb_wp/wp-includes/class-wp-hook.php(327): WP_Hook->apply_filters()
#2 /var/www/html/fb_wp/wp-includes/plugin.php(470): WP_Hook->do_action()
#3 /var/www/html/fb_wp/wp-admin/admin-ajax.php(202): do_action()
#4 {main}
  thrown in /var/www/html/fb_wp/wp-content/plugins/sports/frontend/livematch_controller.php on line 201

2022-03-22T05:18:51+00:00 CRITICAL Uncaught TypeError: count(): Argument #1 ($value) must be of type Countable|array, stdClass given in /var/www/html/fb_wp/wp-content/plugins/sports/frontend/livematch_controller.php:201
Stack trace:
#0 /var/www/html/fb_wp/wp-includes/class-wp-hook.php(303): live_match_list_Controller->upcoming_match_list()
#1 /var/www/html/fb_wp/wp-includes/class-wp-hook.php(327): WP_Hook->apply_filters()
#2 /var/www/html/fb_wp/wp-includes/plugin.php(470): WP_Hook->do_action()
#3 /var/www/html/fb_wp/wp-admin/admin-ajax.php(202): do_action()
#4 {main}
  thrown in /var/www/html/fb_wp/wp-content/plugins/sports/frontend/livematch_controller.php on line 201

2022-03-22T05:19:02+00:00 CRITICAL Uncaught TypeError: count(): Argument #1 ($value) must be of type Countable|array, stdClass given in /var/www/html/fb_wp/wp-content/plugins/sports/frontend/livematch_controller.php:201
Stack trace:
#0 /var/www/html/fb_wp/wp-includes/class-wp-hook.php(303): live_match_list_Controller->upcoming_match_list()
#1 /var/www/html/fb_wp/wp-includes/class-wp-hook.php(327): WP_Hook->apply_filters()
#2 /var/www/html/fb_wp/wp-includes/plugin.php(470): WP_Hook->do_action()
#3 /var/www/html/fb_wp/wp-admin/admin-ajax.php(187): do_action()
#4 {main}
  thrown in /var/www/html/fb_wp/wp-content/plugins/sports/frontend/livematch_controller.php on line 201

2022-03-22T05:24:33+00:00 CRITICAL Uncaught TypeError: count(): Argument #1 ($value) must be of type Countable|array, stdClass given in /var/www/html/fb_wp/wp-content/plugins/sports/frontend/livematch_controller.php:201
Stack trace:
#0 /var/www/html/fb_wp/wp-includes/class-wp-hook.php(303): live_match_list_Controller->upcoming_match_list()
#1 /var/www/html/fb_wp/wp-includes/class-wp-hook.php(327): WP_Hook->apply_filters()
#2 /var/www/html/fb_wp/wp-includes/plugin.php(470): WP_Hook->do_action()
#3 /var/www/html/fb_wp/wp-admin/admin-ajax.php(202): do_action()
#4 {main}
  thrown in /var/www/html/fb_wp/wp-content/plugins/sports/frontend/livematch_controller.php on line 201

2022-03-22T05:24:43+00:00 CRITICAL Uncaught TypeError: count(): Argument #1 ($value) must be of type Countable|array, stdClass given in /var/www/html/fb_wp/wp-content/plugins/sports/frontend/livematch_controller.php:201
Stack trace:
#0 /var/www/html/fb_wp/wp-includes/class-wp-hook.php(303): live_match_list_Controller->upcoming_match_list()
#1 /var/www/html/fb_wp/wp-includes/class-wp-hook.php(327): WP_Hook->apply_filters()
#2 /var/www/html/fb_wp/wp-includes/plugin.php(470): WP_Hook->do_action()
#3 /var/www/html/fb_wp/wp-admin/admin-ajax.php(187): do_action()
#4 {main}
  thrown in /var/www/html/fb_wp/wp-content/plugins/sports/frontend/livematch_controller.php on line 201

2022-03-22T05:25:36+00:00 CRITICAL Uncaught ValueError: Array sizes are inconsistent in /var/www/html/fb_wp/wp-content/plugins/sports/frontend/leaderboard_controller.php:204
Stack trace:
#0 /var/www/html/fb_wp/wp-content/plugins/sports/frontend/leaderboard_controller.php(204): array_multisort()
#1 /var/www/html/fb_wp/wp-includes/class-wp-hook.php(303): leader_board_Controller->load_leader_board()
#2 /var/www/html/fb_wp/wp-includes/class-wp-hook.php(327): WP_Hook->apply_filters()
#3 /var/www/html/fb_wp/wp-includes/plugin.php(470): WP_Hook->do_action()
#4 /var/www/html/fb_wp/wp-admin/admin-ajax.php(187): do_action()
#5 {main}
  thrown in /var/www/html/fb_wp/wp-content/plugins/sports/frontend/leaderboard_controller.php on line 204

2022-03-22T05:25:49+00:00 CRITICAL Uncaught ValueError: Array sizes are inconsistent in /var/www/html/fb_wp/wp-content/plugins/sports/frontend/leaderboard_controller.php:204
Stack trace:
#0 /var/www/html/fb_wp/wp-content/plugins/sports/frontend/leaderboard_controller.php(204): array_multisort()
#1 /var/www/html/fb_wp/wp-includes/class-wp-hook.php(303): leader_board_Controller->load_leader_board()
#2 /var/www/html/fb_wp/wp-includes/class-wp-hook.php(327): WP_Hook->apply_filters()
#3 /var/www/html/fb_wp/wp-includes/plugin.php(470): WP_Hook->do_action()
#4 /var/www/html/fb_wp/wp-admin/admin-ajax.php(187): do_action()
#5 {main}
  thrown in /var/www/html/fb_wp/wp-content/plugins/sports/frontend/leaderboard_controller.php on line 204

