2022-03-21T04:16:00+00:00 CRITICAL Uncaught TypeError: count(): Argument #1 ($value) must be of type Countable|array, stdClass given in /var/www/html/fb_wp/wp-content/plugins/sports/frontend/livematch_controller.php:201
Stack trace:
#0 /var/www/html/fb_wp/wp-includes/class-wp-hook.php(303): live_match_list_Controller->upcoming_match_list()
#1 /var/www/html/fb_wp/wp-includes/class-wp-hook.php(327): WP_Hook->apply_filters()
#2 /var/www/html/fb_wp/wp-includes/plugin.php(470): WP_Hook->do_action()
#3 /var/www/html/fb_wp/wp-admin/admin-ajax.php(202): do_action()
#4 {main}
  thrown in /var/www/html/fb_wp/wp-content/plugins/sports/frontend/livematch_controller.php on line 201

2022-03-21T04:17:16+00:00 CRITICAL Uncaught TypeError: array_push(): Argument #1 ($array) must be of type array, null given in /var/www/html/fb_wp/wp-content/plugins/sports/frontend/match_controller.php:342
Stack trace:
#0 /var/www/html/fb_wp/wp-content/plugins/sports/frontend/match_controller.php(342): array_push()
#1 /var/www/html/fb_wp/wp-includes/class-wp-hook.php(303): match_list_Controller->add_team_join()
#2 /var/www/html/fb_wp/wp-includes/class-wp-hook.php(327): WP_Hook->apply_filters()
#3 /var/www/html/fb_wp/wp-includes/plugin.php(470): WP_Hook->do_action()
#4 /var/www/html/fb_wp/wp-admin/admin-ajax.php(187): do_action()
#5 {main}
  thrown in /var/www/html/fb_wp/wp-content/plugins/sports/frontend/match_controller.php on line 342

2022-03-21T07:21:45+00:00 CRITICAL Uncaught TypeError: count(): Argument #1 ($value) must be of type Countable|array, stdClass given in /var/www/html/fb_wp/wp-content/plugins/sports/frontend/livematch_controller.php:201
Stack trace:
#0 /var/www/html/fb_wp/wp-includes/class-wp-hook.php(303): live_match_list_Controller->upcoming_match_list()
#1 /var/www/html/fb_wp/wp-includes/class-wp-hook.php(327): WP_Hook->apply_filters()
#2 /var/www/html/fb_wp/wp-includes/plugin.php(470): WP_Hook->do_action()
#3 /var/www/html/fb_wp/wp-admin/admin-ajax.php(202): do_action()
#4 {main}
  thrown in /var/www/html/fb_wp/wp-content/plugins/sports/frontend/livematch_controller.php on line 201

2022-03-21T07:21:57+00:00 CRITICAL Uncaught TypeError: count(): Argument #1 ($value) must be of type Countable|array, stdClass given in /var/www/html/fb_wp/wp-content/plugins/sports/frontend/livematch_controller.php:201
Stack trace:
#0 /var/www/html/fb_wp/wp-includes/class-wp-hook.php(303): live_match_list_Controller->upcoming_match_list()
#1 /var/www/html/fb_wp/wp-includes/class-wp-hook.php(327): WP_Hook->apply_filters()
#2 /var/www/html/fb_wp/wp-includes/plugin.php(470): WP_Hook->do_action()
#3 /var/www/html/fb_wp/wp-admin/admin-ajax.php(187): do_action()
#4 {main}
  thrown in /var/www/html/fb_wp/wp-content/plugins/sports/frontend/livematch_controller.php on line 201

2022-03-21T09:15:51+00:00 CRITICAL Uncaught TypeError: count(): Argument #1 ($value) must be of type Countable|array, stdClass given in /var/www/html/fb_wp/wp-content/plugins/sports/frontend/livematch_controller.php:201
Stack trace:
#0 /var/www/html/fb_wp/wp-includes/class-wp-hook.php(303): live_match_list_Controller->upcoming_match_list()
#1 /var/www/html/fb_wp/wp-includes/class-wp-hook.php(327): WP_Hook->apply_filters()
#2 /var/www/html/fb_wp/wp-includes/plugin.php(470): WP_Hook->do_action()
#3 /var/www/html/fb_wp/wp-admin/admin-ajax.php(202): do_action()
#4 {main}
  thrown in /var/www/html/fb_wp/wp-content/plugins/sports/frontend/livematch_controller.php on line 201

2022-03-21T10:33:20+00:00 CRITICAL Uncaught TypeError: count(): Argument #1 ($value) must be of type Countable|array, stdClass given in /var/www/html/fb_wp/wp-content/plugins/sports/frontend/livematch_controller.php:201
Stack trace:
#0 /var/www/html/fb_wp/wp-includes/class-wp-hook.php(303): live_match_list_Controller->upcoming_match_list()
#1 /var/www/html/fb_wp/wp-includes/class-wp-hook.php(327): WP_Hook->apply_filters()
#2 /var/www/html/fb_wp/wp-includes/plugin.php(470): WP_Hook->do_action()
#3 /var/www/html/fb_wp/wp-admin/admin-ajax.php(187): do_action()
#4 {main}
  thrown in /var/www/html/fb_wp/wp-content/plugins/sports/frontend/livematch_controller.php on line 201

2022-03-21T10:34:09+00:00 CRITICAL Uncaught TypeError: count(): Argument #1 ($value) must be of type Countable|array, stdClass given in /var/www/html/fb_wp/wp-content/plugins/sports/frontend/livematch_controller.php:201
Stack trace:
#0 /var/www/html/fb_wp/wp-includes/class-wp-hook.php(303): live_match_list_Controller->upcoming_match_list()
#1 /var/www/html/fb_wp/wp-includes/class-wp-hook.php(327): WP_Hook->apply_filters()
#2 /var/www/html/fb_wp/wp-includes/plugin.php(470): WP_Hook->do_action()
#3 /var/www/html/fb_wp/wp-admin/admin-ajax.php(187): do_action()
#4 {main}
  thrown in /var/www/html/fb_wp/wp-content/plugins/sports/frontend/livematch_controller.php on line 201

2022-03-21T10:34:10+00:00 CRITICAL Uncaught TypeError: count(): Argument #1 ($value) must be of type Countable|array, stdClass given in /var/www/html/fb_wp/wp-content/plugins/sports/frontend/livematch_controller.php:201
Stack trace:
#0 /var/www/html/fb_wp/wp-includes/class-wp-hook.php(303): live_match_list_Controller->upcoming_match_list()
#1 /var/www/html/fb_wp/wp-includes/class-wp-hook.php(327): WP_Hook->apply_filters()
#2 /var/www/html/fb_wp/wp-includes/plugin.php(470): WP_Hook->do_action()
#3 /var/www/html/fb_wp/wp-admin/admin-ajax.php(187): do_action()
#4 {main}
  thrown in /var/www/html/fb_wp/wp-content/plugins/sports/frontend/livematch_controller.php on line 201

2022-03-21T10:34:33+00:00 CRITICAL Uncaught TypeError: count(): Argument #1 ($value) must be of type Countable|array, stdClass given in /var/www/html/fb_wp/wp-content/plugins/sports/frontend/livematch_controller.php:201
Stack trace:
#0 /var/www/html/fb_wp/wp-includes/class-wp-hook.php(303): live_match_list_Controller->upcoming_match_list()
#1 /var/www/html/fb_wp/wp-includes/class-wp-hook.php(327): WP_Hook->apply_filters()
#2 /var/www/html/fb_wp/wp-includes/plugin.php(470): WP_Hook->do_action()
#3 /var/www/html/fb_wp/wp-admin/admin-ajax.php(187): do_action()
#4 {main}
  thrown in /var/www/html/fb_wp/wp-content/plugins/sports/frontend/livematch_controller.php on line 201

2022-03-21T10:35:23+00:00 CRITICAL Uncaught TypeError: count(): Argument #1 ($value) must be of type Countable|array, stdClass given in /var/www/html/fb_wp/wp-content/plugins/sports/frontend/livematch_controller.php:201
Stack trace:
#0 /var/www/html/fb_wp/wp-includes/class-wp-hook.php(303): live_match_list_Controller->upcoming_match_list()
#1 /var/www/html/fb_wp/wp-includes/class-wp-hook.php(327): WP_Hook->apply_filters()
#2 /var/www/html/fb_wp/wp-includes/plugin.php(470): WP_Hook->do_action()
#3 /var/www/html/fb_wp/wp-admin/admin-ajax.php(187): do_action()
#4 {main}
  thrown in /var/www/html/fb_wp/wp-content/plugins/sports/frontend/livematch_controller.php on line 201

2022-03-21T10:35:26+00:00 CRITICAL Uncaught TypeError: count(): Argument #1 ($value) must be of type Countable|array, stdClass given in /var/www/html/fb_wp/wp-content/plugins/sports/frontend/livematch_controller.php:201
Stack trace:
#0 /var/www/html/fb_wp/wp-includes/class-wp-hook.php(303): live_match_list_Controller->upcoming_match_list()
#1 /var/www/html/fb_wp/wp-includes/class-wp-hook.php(327): WP_Hook->apply_filters()
#2 /var/www/html/fb_wp/wp-includes/plugin.php(470): WP_Hook->do_action()
#3 /var/www/html/fb_wp/wp-admin/admin-ajax.php(187): do_action()
#4 {main}
  thrown in /var/www/html/fb_wp/wp-content/plugins/sports/frontend/livematch_controller.php on line 201

2022-03-21T10:35:27+00:00 CRITICAL Uncaught TypeError: count(): Argument #1 ($value) must be of type Countable|array, stdClass given in /var/www/html/fb_wp/wp-content/plugins/sports/frontend/livematch_controller.php:201
Stack trace:
#0 /var/www/html/fb_wp/wp-includes/class-wp-hook.php(303): live_match_list_Controller->upcoming_match_list()
#1 /var/www/html/fb_wp/wp-includes/class-wp-hook.php(327): WP_Hook->apply_filters()
#2 /var/www/html/fb_wp/wp-includes/plugin.php(470): WP_Hook->do_action()
#3 /var/www/html/fb_wp/wp-admin/admin-ajax.php(187): do_action()
#4 {main}
  thrown in /var/www/html/fb_wp/wp-content/plugins/sports/frontend/livematch_controller.php on line 201

2022-03-21T10:35:39+00:00 CRITICAL Uncaught TypeError: count(): Argument #1 ($value) must be of type Countable|array, stdClass given in /var/www/html/fb_wp/wp-content/plugins/sports/frontend/livematch_controller.php:201
Stack trace:
#0 /var/www/html/fb_wp/wp-includes/class-wp-hook.php(303): live_match_list_Controller->upcoming_match_list()
#1 /var/www/html/fb_wp/wp-includes/class-wp-hook.php(327): WP_Hook->apply_filters()
#2 /var/www/html/fb_wp/wp-includes/plugin.php(470): WP_Hook->do_action()
#3 /var/www/html/fb_wp/wp-admin/admin-ajax.php(187): do_action()
#4 {main}
  thrown in /var/www/html/fb_wp/wp-content/plugins/sports/frontend/livematch_controller.php on line 201

2022-03-21T10:36:15+00:00 CRITICAL Uncaught TypeError: count(): Argument #1 ($value) must be of type Countable|array, stdClass given in /var/www/html/fb_wp/wp-content/plugins/sports/frontend/livematch_controller.php:201
Stack trace:
#0 /var/www/html/fb_wp/wp-includes/class-wp-hook.php(303): live_match_list_Controller->upcoming_match_list()
#1 /var/www/html/fb_wp/wp-includes/class-wp-hook.php(327): WP_Hook->apply_filters()
#2 /var/www/html/fb_wp/wp-includes/plugin.php(470): WP_Hook->do_action()
#3 /var/www/html/fb_wp/wp-admin/admin-ajax.php(187): do_action()
#4 {main}
  thrown in /var/www/html/fb_wp/wp-content/plugins/sports/frontend/livematch_controller.php on line 201

2022-03-21T10:36:39+00:00 CRITICAL Uncaught TypeError: count(): Argument #1 ($value) must be of type Countable|array, stdClass given in /var/www/html/fb_wp/wp-content/plugins/sports/frontend/livematch_controller.php:201
Stack trace:
#0 /var/www/html/fb_wp/wp-includes/class-wp-hook.php(303): live_match_list_Controller->upcoming_match_list()
#1 /var/www/html/fb_wp/wp-includes/class-wp-hook.php(327): WP_Hook->apply_filters()
#2 /var/www/html/fb_wp/wp-includes/plugin.php(470): WP_Hook->do_action()
#3 /var/www/html/fb_wp/wp-admin/admin-ajax.php(187): do_action()
#4 {main}
  thrown in /var/www/html/fb_wp/wp-content/plugins/sports/frontend/livematch_controller.php on line 201

2022-03-21T10:37:14+00:00 CRITICAL Uncaught TypeError: Unsupported operand types: null + string in /var/www/html/fb_wp/wp-content/plugins/sports/frontend/livematch_controller.php:502
Stack trace:
#0 /var/www/html/fb_wp/wp-includes/class-wp-hook.php(303): live_match_list_Controller->load_leaderboard_Pointtable()
#1 /var/www/html/fb_wp/wp-includes/class-wp-hook.php(327): WP_Hook->apply_filters()
#2 /var/www/html/fb_wp/wp-includes/plugin.php(470): WP_Hook->do_action()
#3 /var/www/html/fb_wp/wp-admin/admin-ajax.php(187): do_action()
#4 {main}
  thrown in /var/www/html/fb_wp/wp-content/plugins/sports/frontend/livematch_controller.php on line 502

2022-03-21T10:37:25+00:00 CRITICAL Uncaught TypeError: count(): Argument #1 ($value) must be of type Countable|array, stdClass given in /var/www/html/fb_wp/wp-content/plugins/sports/frontend/livematch_controller.php:201
Stack trace:
#0 /var/www/html/fb_wp/wp-includes/class-wp-hook.php(303): live_match_list_Controller->upcoming_match_list()
#1 /var/www/html/fb_wp/wp-includes/class-wp-hook.php(327): WP_Hook->apply_filters()
#2 /var/www/html/fb_wp/wp-includes/plugin.php(470): WP_Hook->do_action()
#3 /var/www/html/fb_wp/wp-admin/admin-ajax.php(187): do_action()
#4 {main}
  thrown in /var/www/html/fb_wp/wp-content/plugins/sports/frontend/livematch_controller.php on line 201

2022-03-21T10:37:34+00:00 CRITICAL Uncaught TypeError: Unsupported operand types: null + string in /var/www/html/fb_wp/wp-content/plugins/sports/frontend/livematch_controller.php:502
Stack trace:
#0 /var/www/html/fb_wp/wp-includes/class-wp-hook.php(303): live_match_list_Controller->load_leaderboard_Pointtable()
#1 /var/www/html/fb_wp/wp-includes/class-wp-hook.php(327): WP_Hook->apply_filters()
#2 /var/www/html/fb_wp/wp-includes/plugin.php(470): WP_Hook->do_action()
#3 /var/www/html/fb_wp/wp-admin/admin-ajax.php(187): do_action()
#4 {main}
  thrown in /var/www/html/fb_wp/wp-content/plugins/sports/frontend/livematch_controller.php on line 502

2022-03-21T10:39:09+00:00 CRITICAL Uncaught TypeError: Unsupported operand types: null + string in /var/www/html/fb_wp/wp-content/plugins/sports/frontend/livematch_controller.php:502
Stack trace:
#0 /var/www/html/fb_wp/wp-includes/class-wp-hook.php(303): live_match_list_Controller->load_leaderboard_Pointtable()
#1 /var/www/html/fb_wp/wp-includes/class-wp-hook.php(327): WP_Hook->apply_filters()
#2 /var/www/html/fb_wp/wp-includes/plugin.php(470): WP_Hook->do_action()
#3 /var/www/html/fb_wp/wp-admin/admin-ajax.php(187): do_action()
#4 {main}
  thrown in /var/www/html/fb_wp/wp-content/plugins/sports/frontend/livematch_controller.php on line 502

2022-03-21T10:39:30+00:00 CRITICAL Uncaught TypeError: count(): Argument #1 ($value) must be of type Countable|array, stdClass given in /var/www/html/fb_wp/wp-content/plugins/sports/frontend/livematch_controller.php:201
Stack trace:
#0 /var/www/html/fb_wp/wp-includes/class-wp-hook.php(303): live_match_list_Controller->upcoming_match_list()
#1 /var/www/html/fb_wp/wp-includes/class-wp-hook.php(327): WP_Hook->apply_filters()
#2 /var/www/html/fb_wp/wp-includes/plugin.php(470): WP_Hook->do_action()
#3 /var/www/html/fb_wp/wp-admin/admin-ajax.php(187): do_action()
#4 {main}
  thrown in /var/www/html/fb_wp/wp-content/plugins/sports/frontend/livematch_controller.php on line 201

2022-03-21T10:39:41+00:00 CRITICAL Uncaught TypeError: Unsupported operand types: null + string in /var/www/html/fb_wp/wp-content/plugins/sports/frontend/livematch_controller.php:502
Stack trace:
#0 /var/www/html/fb_wp/wp-includes/class-wp-hook.php(303): live_match_list_Controller->load_leaderboard_Pointtable()
#1 /var/www/html/fb_wp/wp-includes/class-wp-hook.php(327): WP_Hook->apply_filters()
#2 /var/www/html/fb_wp/wp-includes/plugin.php(470): WP_Hook->do_action()
#3 /var/www/html/fb_wp/wp-admin/admin-ajax.php(187): do_action()
#4 {main}
  thrown in /var/www/html/fb_wp/wp-content/plugins/sports/frontend/livematch_controller.php on line 502

2022-03-21T10:40:24+00:00 CRITICAL Uncaught TypeError: count(): Argument #1 ($value) must be of type Countable|array, stdClass given in /var/www/html/fb_wp/wp-content/plugins/sports/frontend/livematch_controller.php:201
Stack trace:
#0 /var/www/html/fb_wp/wp-includes/class-wp-hook.php(303): live_match_list_Controller->upcoming_match_list()
#1 /var/www/html/fb_wp/wp-includes/class-wp-hook.php(327): WP_Hook->apply_filters()
#2 /var/www/html/fb_wp/wp-includes/plugin.php(470): WP_Hook->do_action()
#3 /var/www/html/fb_wp/wp-admin/admin-ajax.php(202): do_action()
#4 {main}
  thrown in /var/www/html/fb_wp/wp-content/plugins/sports/frontend/livematch_controller.php on line 201

2022-03-21T10:40:42+00:00 CRITICAL Uncaught TypeError: count(): Argument #1 ($value) must be of type Countable|array, stdClass given in /var/www/html/fb_wp/wp-content/plugins/sports/frontend/livematch_controller.php:201
Stack trace:
#0 /var/www/html/fb_wp/wp-includes/class-wp-hook.php(303): live_match_list_Controller->upcoming_match_list()
#1 /var/www/html/fb_wp/wp-includes/class-wp-hook.php(327): WP_Hook->apply_filters()
#2 /var/www/html/fb_wp/wp-includes/plugin.php(470): WP_Hook->do_action()
#3 /var/www/html/fb_wp/wp-admin/admin-ajax.php(202): do_action()
#4 {main}
  thrown in /var/www/html/fb_wp/wp-content/plugins/sports/frontend/livematch_controller.php on line 201

2022-03-21T10:40:51+00:00 CRITICAL Uncaught TypeError: count(): Argument #1 ($value) must be of type Countable|array, stdClass given in /var/www/html/fb_wp/wp-content/plugins/sports/frontend/livematch_controller.php:201
Stack trace:
#0 /var/www/html/fb_wp/wp-includes/class-wp-hook.php(303): live_match_list_Controller->upcoming_match_list()
#1 /var/www/html/fb_wp/wp-includes/class-wp-hook.php(327): WP_Hook->apply_filters()
#2 /var/www/html/fb_wp/wp-includes/plugin.php(470): WP_Hook->do_action()
#3 /var/www/html/fb_wp/wp-admin/admin-ajax.php(187): do_action()
#4 {main}
  thrown in /var/www/html/fb_wp/wp-content/plugins/sports/frontend/livematch_controller.php on line 201

2022-03-21T10:41:02+00:00 CRITICAL Uncaught ValueError: Array sizes are inconsistent in /var/www/html/fb_wp/wp-content/plugins/sports/frontend/leaderboard_controller.php:193
Stack trace:
#0 /var/www/html/fb_wp/wp-content/plugins/sports/frontend/leaderboard_controller.php(193): array_multisort()
#1 /var/www/html/fb_wp/wp-includes/class-wp-hook.php(303): leader_board_Controller->load_leader_board()
#2 /var/www/html/fb_wp/wp-includes/class-wp-hook.php(327): WP_Hook->apply_filters()
#3 /var/www/html/fb_wp/wp-includes/plugin.php(470): WP_Hook->do_action()
#4 /var/www/html/fb_wp/wp-admin/admin-ajax.php(187): do_action()
#5 {main}
  thrown in /var/www/html/fb_wp/wp-content/plugins/sports/frontend/leaderboard_controller.php on line 193

2022-03-21T11:16:59+00:00 CRITICAL Uncaught TypeError: count(): Argument #1 ($value) must be of type Countable|array, stdClass given in /var/www/html/fb_wp/wp-content/plugins/sports/frontend/livematch_controller.php:201
Stack trace:
#0 /var/www/html/fb_wp/wp-includes/class-wp-hook.php(303): live_match_list_Controller->upcoming_match_list()
#1 /var/www/html/fb_wp/wp-includes/class-wp-hook.php(327): WP_Hook->apply_filters()
#2 /var/www/html/fb_wp/wp-includes/plugin.php(470): WP_Hook->do_action()
#3 /var/www/html/fb_wp/wp-admin/admin-ajax.php(187): do_action()
#4 {main}
  thrown in /var/www/html/fb_wp/wp-content/plugins/sports/frontend/livematch_controller.php on line 201

2022-03-21T11:17:04+00:00 CRITICAL Uncaught TypeError: Unsupported operand types: null + string in /var/www/html/fb_wp/wp-content/plugins/sports/frontend/livematch_controller.php:502
Stack trace:
#0 /var/www/html/fb_wp/wp-includes/class-wp-hook.php(303): live_match_list_Controller->load_leaderboard_Pointtable()
#1 /var/www/html/fb_wp/wp-includes/class-wp-hook.php(327): WP_Hook->apply_filters()
#2 /var/www/html/fb_wp/wp-includes/plugin.php(470): WP_Hook->do_action()
#3 /var/www/html/fb_wp/wp-admin/admin-ajax.php(187): do_action()
#4 {main}
  thrown in /var/www/html/fb_wp/wp-content/plugins/sports/frontend/livematch_controller.php on line 502

2022-03-21T11:17:16+00:00 CRITICAL Uncaught TypeError: count(): Argument #1 ($value) must be of type Countable|array, stdClass given in /var/www/html/fb_wp/wp-content/plugins/sports/frontend/livematch_controller.php:201
Stack trace:
#0 /var/www/html/fb_wp/wp-includes/class-wp-hook.php(303): live_match_list_Controller->upcoming_match_list()
#1 /var/www/html/fb_wp/wp-includes/class-wp-hook.php(327): WP_Hook->apply_filters()
#2 /var/www/html/fb_wp/wp-includes/plugin.php(470): WP_Hook->do_action()
#3 /var/www/html/fb_wp/wp-admin/admin-ajax.php(187): do_action()
#4 {main}
  thrown in /var/www/html/fb_wp/wp-content/plugins/sports/frontend/livematch_controller.php on line 201

2022-03-21T11:18:54+00:00 CRITICAL Uncaught TypeError: Unsupported operand types: null + string in /var/www/html/fb_wp/wp-content/plugins/sports/frontend/livematch_controller.php:502
Stack trace:
#0 /var/www/html/fb_wp/wp-includes/class-wp-hook.php(303): live_match_list_Controller->load_leaderboard_Pointtable()
#1 /var/www/html/fb_wp/wp-includes/class-wp-hook.php(327): WP_Hook->apply_filters()
#2 /var/www/html/fb_wp/wp-includes/plugin.php(470): WP_Hook->do_action()
#3 /var/www/html/fb_wp/wp-admin/admin-ajax.php(187): do_action()
#4 {main}
  thrown in /var/www/html/fb_wp/wp-content/plugins/sports/frontend/livematch_controller.php on line 502

2022-03-21T11:21:09+00:00 CRITICAL Uncaught TypeError: Unsupported operand types: null + string in /var/www/html/fb_wp/wp-content/plugins/sports/frontend/livematch_controller.php:505
Stack trace:
#0 /var/www/html/fb_wp/wp-includes/class-wp-hook.php(303): live_match_list_Controller->load_leaderboard_Pointtable()
#1 /var/www/html/fb_wp/wp-includes/class-wp-hook.php(327): WP_Hook->apply_filters()
#2 /var/www/html/fb_wp/wp-includes/plugin.php(470): WP_Hook->do_action()
#3 /var/www/html/fb_wp/wp-admin/admin-ajax.php(187): do_action()
#4 {main}
  thrown in /var/www/html/fb_wp/wp-content/plugins/sports/frontend/livematch_controller.php on line 505

2022-03-21T11:24:10+00:00 CRITICAL Uncaught Error: Call to undefined function empy() in /var/www/html/fb_wp/wp-content/plugins/sports/frontend/livematch_controller.php:495
Stack trace:
#0 /var/www/html/fb_wp/wp-includes/class-wp-hook.php(303): live_match_list_Controller->load_leaderboard_Pointtable()
#1 /var/www/html/fb_wp/wp-includes/class-wp-hook.php(327): WP_Hook->apply_filters()
#2 /var/www/html/fb_wp/wp-includes/plugin.php(470): WP_Hook->do_action()
#3 /var/www/html/fb_wp/wp-admin/admin-ajax.php(187): do_action()
#4 {main}
  thrown in /var/www/html/fb_wp/wp-content/plugins/sports/frontend/livematch_controller.php on line 495

2022-03-21T11:24:35+00:00 CRITICAL Uncaught Error: Call to undefined function empy() in /var/www/html/fb_wp/wp-content/plugins/sports/frontend/livematch_controller.php:495
Stack trace:
#0 /var/www/html/fb_wp/wp-includes/class-wp-hook.php(303): live_match_list_Controller->load_leaderboard_Pointtable()
#1 /var/www/html/fb_wp/wp-includes/class-wp-hook.php(327): WP_Hook->apply_filters()
#2 /var/www/html/fb_wp/wp-includes/plugin.php(470): WP_Hook->do_action()
#3 /var/www/html/fb_wp/wp-admin/admin-ajax.php(187): do_action()
#4 {main}
  thrown in /var/www/html/fb_wp/wp-content/plugins/sports/frontend/livematch_controller.php on line 495

2022-03-21T11:25:36+00:00 CRITICAL Uncaught Error: Call to undefined function empy() in /var/www/html/fb_wp/wp-content/plugins/sports/frontend/livematch_controller.php:495
Stack trace:
#0 /var/www/html/fb_wp/wp-includes/class-wp-hook.php(303): live_match_list_Controller->load_leaderboard_Pointtable()
#1 /var/www/html/fb_wp/wp-includes/class-wp-hook.php(327): WP_Hook->apply_filters()
#2 /var/www/html/fb_wp/wp-includes/plugin.php(470): WP_Hook->do_action()
#3 /var/www/html/fb_wp/wp-admin/admin-ajax.php(187): do_action()
#4 {main}
  thrown in /var/www/html/fb_wp/wp-content/plugins/sports/frontend/livematch_controller.php on line 495

2022-03-21T11:26:32+00:00 CRITICAL Uncaught Error: Call to undefined function empy() in /var/www/html/fb_wp/wp-content/plugins/sports/frontend/livematch_controller.php:495
Stack trace:
#0 /var/www/html/fb_wp/wp-includes/class-wp-hook.php(303): live_match_list_Controller->load_leaderboard_Pointtable()
#1 /var/www/html/fb_wp/wp-includes/class-wp-hook.php(327): WP_Hook->apply_filters()
#2 /var/www/html/fb_wp/wp-includes/plugin.php(470): WP_Hook->do_action()
#3 /var/www/html/fb_wp/wp-admin/admin-ajax.php(187): do_action()
#4 {main}
  thrown in /var/www/html/fb_wp/wp-content/plugins/sports/frontend/livematch_controller.php on line 495

2022-03-21T11:27:16+00:00 CRITICAL Uncaught TypeError: Unsupported operand types: null + string in /var/www/html/fb_wp/wp-content/plugins/sports/frontend/livematch_controller.php:508
Stack trace:
#0 /var/www/html/fb_wp/wp-includes/class-wp-hook.php(303): live_match_list_Controller->load_leaderboard_Pointtable()
#1 /var/www/html/fb_wp/wp-includes/class-wp-hook.php(327): WP_Hook->apply_filters()
#2 /var/www/html/fb_wp/wp-includes/plugin.php(470): WP_Hook->do_action()
#3 /var/www/html/fb_wp/wp-admin/admin-ajax.php(187): do_action()
#4 {main}
  thrown in /var/www/html/fb_wp/wp-content/plugins/sports/frontend/livematch_controller.php on line 508

2022-03-21T11:28:04+00:00 CRITICAL Uncaught TypeError: Unsupported operand types: null + string in /var/www/html/fb_wp/wp-content/plugins/sports/frontend/livematch_controller.php:508
Stack trace:
#0 /var/www/html/fb_wp/wp-includes/class-wp-hook.php(303): live_match_list_Controller->load_leaderboard_Pointtable()
#1 /var/www/html/fb_wp/wp-includes/class-wp-hook.php(327): WP_Hook->apply_filters()
#2 /var/www/html/fb_wp/wp-includes/plugin.php(470): WP_Hook->do_action()
#3 /var/www/html/fb_wp/wp-admin/admin-ajax.php(187): do_action()
#4 {main}
  thrown in /var/www/html/fb_wp/wp-content/plugins/sports/frontend/livematch_controller.php on line 508

2022-03-21T11:28:59+00:00 CRITICAL Uncaught TypeError: Unsupported operand types: null + string in /var/www/html/fb_wp/wp-content/plugins/sports/frontend/livematch_controller.php:507
Stack trace:
#0 /var/www/html/fb_wp/wp-includes/class-wp-hook.php(303): live_match_list_Controller->load_leaderboard_Pointtable()
#1 /var/www/html/fb_wp/wp-includes/class-wp-hook.php(327): WP_Hook->apply_filters()
#2 /var/www/html/fb_wp/wp-includes/plugin.php(470): WP_Hook->do_action()
#3 /var/www/html/fb_wp/wp-admin/admin-ajax.php(187): do_action()
#4 {main}
  thrown in /var/www/html/fb_wp/wp-content/plugins/sports/frontend/livematch_controller.php on line 507

2022-03-21T11:30:08+00:00 CRITICAL Uncaught TypeError: count(): Argument #1 ($value) must be of type Countable|array, stdClass given in /var/www/html/fb_wp/wp-content/plugins/sports/frontend/livematch_controller.php:201
Stack trace:
#0 /var/www/html/fb_wp/wp-includes/class-wp-hook.php(303): live_match_list_Controller->upcoming_match_list()
#1 /var/www/html/fb_wp/wp-includes/class-wp-hook.php(327): WP_Hook->apply_filters()
#2 /var/www/html/fb_wp/wp-includes/plugin.php(470): WP_Hook->do_action()
#3 /var/www/html/fb_wp/wp-admin/admin-ajax.php(187): do_action()
#4 {main}
  thrown in /var/www/html/fb_wp/wp-content/plugins/sports/frontend/livematch_controller.php on line 201

2022-03-21T11:30:13+00:00 CRITICAL Uncaught TypeError: Unsupported operand types: string * int in /var/www/html/fb_wp/wp-content/plugins/sports/frontend/livematch_controller.php:503
Stack trace:
#0 /var/www/html/fb_wp/wp-includes/class-wp-hook.php(303): live_match_list_Controller->load_leaderboard_Pointtable()
#1 /var/www/html/fb_wp/wp-includes/class-wp-hook.php(327): WP_Hook->apply_filters()
#2 /var/www/html/fb_wp/wp-includes/plugin.php(470): WP_Hook->do_action()
#3 /var/www/html/fb_wp/wp-admin/admin-ajax.php(187): do_action()
#4 {main}
  thrown in /var/www/html/fb_wp/wp-content/plugins/sports/frontend/livematch_controller.php on line 503

2022-03-21T11:30:38+00:00 CRITICAL Uncaught TypeError: count(): Argument #1 ($value) must be of type Countable|array, stdClass given in /var/www/html/fb_wp/wp-content/plugins/sports/frontend/livematch_controller.php:201
Stack trace:
#0 /var/www/html/fb_wp/wp-includes/class-wp-hook.php(303): live_match_list_Controller->upcoming_match_list()
#1 /var/www/html/fb_wp/wp-includes/class-wp-hook.php(327): WP_Hook->apply_filters()
#2 /var/www/html/fb_wp/wp-includes/plugin.php(470): WP_Hook->do_action()
#3 /var/www/html/fb_wp/wp-admin/admin-ajax.php(187): do_action()
#4 {main}
  thrown in /var/www/html/fb_wp/wp-content/plugins/sports/frontend/livematch_controller.php on line 201

2022-03-21T11:30:45+00:00 CRITICAL Uncaught TypeError: Unsupported operand types: string * int in /var/www/html/fb_wp/wp-content/plugins/sports/frontend/livematch_controller.php:503
Stack trace:
#0 /var/www/html/fb_wp/wp-includes/class-wp-hook.php(303): live_match_list_Controller->load_leaderboard_Pointtable()
#1 /var/www/html/fb_wp/wp-includes/class-wp-hook.php(327): WP_Hook->apply_filters()
#2 /var/www/html/fb_wp/wp-includes/plugin.php(470): WP_Hook->do_action()
#3 /var/www/html/fb_wp/wp-admin/admin-ajax.php(187): do_action()
#4 {main}
  thrown in /var/www/html/fb_wp/wp-content/plugins/sports/frontend/livematch_controller.php on line 503

2022-03-21T11:32:11+00:00 CRITICAL Uncaught TypeError: count(): Argument #1 ($value) must be of type Countable|array, stdClass given in /var/www/html/fb_wp/wp-content/plugins/sports/frontend/livematch_controller.php:201
Stack trace:
#0 /var/www/html/fb_wp/wp-includes/class-wp-hook.php(303): live_match_list_Controller->upcoming_match_list()
#1 /var/www/html/fb_wp/wp-includes/class-wp-hook.php(327): WP_Hook->apply_filters()
#2 /var/www/html/fb_wp/wp-includes/plugin.php(470): WP_Hook->do_action()
#3 /var/www/html/fb_wp/wp-admin/admin-ajax.php(187): do_action()
#4 {main}
  thrown in /var/www/html/fb_wp/wp-content/plugins/sports/frontend/livematch_controller.php on line 201

2022-03-21T11:33:16+00:00 CRITICAL Uncaught ValueError: Array sizes are inconsistent in /var/www/html/fb_wp/wp-content/plugins/sports/frontend/leaderboard_controller.php:193
Stack trace:
#0 /var/www/html/fb_wp/wp-content/plugins/sports/frontend/leaderboard_controller.php(193): array_multisort()
#1 /var/www/html/fb_wp/wp-includes/class-wp-hook.php(303): leader_board_Controller->load_leader_board()
#2 /var/www/html/fb_wp/wp-includes/class-wp-hook.php(327): WP_Hook->apply_filters()
#3 /var/www/html/fb_wp/wp-includes/plugin.php(470): WP_Hook->do_action()
#4 /var/www/html/fb_wp/wp-admin/admin-ajax.php(187): do_action()
#5 {main}
  thrown in /var/www/html/fb_wp/wp-content/plugins/sports/frontend/leaderboard_controller.php on line 193

2022-03-21T11:33:29+00:00 CRITICAL Uncaught ValueError: Array sizes are inconsistent in /var/www/html/fb_wp/wp-content/plugins/sports/frontend/leaderboard_controller.php:193
Stack trace:
#0 /var/www/html/fb_wp/wp-content/plugins/sports/frontend/leaderboard_controller.php(193): array_multisort()
#1 /var/www/html/fb_wp/wp-includes/class-wp-hook.php(303): leader_board_Controller->load_leader_board()
#2 /var/www/html/fb_wp/wp-includes/class-wp-hook.php(327): WP_Hook->apply_filters()
#3 /var/www/html/fb_wp/wp-includes/plugin.php(470): WP_Hook->do_action()
#4 /var/www/html/fb_wp/wp-admin/admin-ajax.php(187): do_action()
#5 {main}
  thrown in /var/www/html/fb_wp/wp-content/plugins/sports/frontend/leaderboard_controller.php on line 193

2022-03-21T11:35:23+00:00 CRITICAL Uncaught ValueError: Array sizes are inconsistent in /var/www/html/fb_wp/wp-content/plugins/sports/frontend/leaderboard_controller.php:199
Stack trace:
#0 /var/www/html/fb_wp/wp-content/plugins/sports/frontend/leaderboard_controller.php(199): array_multisort()
#1 /var/www/html/fb_wp/wp-includes/class-wp-hook.php(303): leader_board_Controller->load_leader_board()
#2 /var/www/html/fb_wp/wp-includes/class-wp-hook.php(327): WP_Hook->apply_filters()
#3 /var/www/html/fb_wp/wp-includes/plugin.php(470): WP_Hook->do_action()
#4 /var/www/html/fb_wp/wp-admin/admin-ajax.php(187): do_action()
#5 {main}
  thrown in /var/www/html/fb_wp/wp-content/plugins/sports/frontend/leaderboard_controller.php on line 199

2022-03-21T11:36:29+00:00 CRITICAL Uncaught ValueError: Array sizes are inconsistent in /var/www/html/fb_wp/wp-content/plugins/sports/frontend/leaderboard_controller.php:202
Stack trace:
#0 /var/www/html/fb_wp/wp-content/plugins/sports/frontend/leaderboard_controller.php(202): array_multisort()
#1 /var/www/html/fb_wp/wp-includes/class-wp-hook.php(303): leader_board_Controller->load_leader_board()
#2 /var/www/html/fb_wp/wp-includes/class-wp-hook.php(327): WP_Hook->apply_filters()
#3 /var/www/html/fb_wp/wp-includes/plugin.php(470): WP_Hook->do_action()
#4 /var/www/html/fb_wp/wp-admin/admin-ajax.php(187): do_action()
#5 {main}
  thrown in /var/www/html/fb_wp/wp-content/plugins/sports/frontend/leaderboard_controller.php on line 202

2022-03-21T11:36:57+00:00 CRITICAL Uncaught ValueError: Array sizes are inconsistent in /var/www/html/fb_wp/wp-content/plugins/sports/frontend/leaderboard_controller.php:205
Stack trace:
#0 /var/www/html/fb_wp/wp-content/plugins/sports/frontend/leaderboard_controller.php(205): array_multisort()
#1 /var/www/html/fb_wp/wp-includes/class-wp-hook.php(303): leader_board_Controller->load_leader_board()
#2 /var/www/html/fb_wp/wp-includes/class-wp-hook.php(327): WP_Hook->apply_filters()
#3 /var/www/html/fb_wp/wp-includes/plugin.php(470): WP_Hook->do_action()
#4 /var/www/html/fb_wp/wp-admin/admin-ajax.php(187): do_action()
#5 {main}
  thrown in /var/www/html/fb_wp/wp-content/plugins/sports/frontend/leaderboard_controller.php on line 205

2022-03-21T11:37:35+00:00 CRITICAL Uncaught ValueError: Array sizes are inconsistent in /var/www/html/fb_wp/wp-content/plugins/sports/frontend/leaderboard_controller.php:207
Stack trace:
#0 /var/www/html/fb_wp/wp-content/plugins/sports/frontend/leaderboard_controller.php(207): array_multisort()
#1 /var/www/html/fb_wp/wp-includes/class-wp-hook.php(303): leader_board_Controller->load_leader_board()
#2 /var/www/html/fb_wp/wp-includes/class-wp-hook.php(327): WP_Hook->apply_filters()
#3 /var/www/html/fb_wp/wp-includes/plugin.php(470): WP_Hook->do_action()
#4 /var/www/html/fb_wp/wp-admin/admin-ajax.php(187): do_action()
#5 {main}
  thrown in /var/www/html/fb_wp/wp-content/plugins/sports/frontend/leaderboard_controller.php on line 207

2022-03-21T11:38:30+00:00 CRITICAL Uncaught ValueError: Array sizes are inconsistent in /var/www/html/fb_wp/wp-content/plugins/sports/frontend/leaderboard_controller.php:207
Stack trace:
#0 /var/www/html/fb_wp/wp-content/plugins/sports/frontend/leaderboard_controller.php(207): array_multisort()
#1 /var/www/html/fb_wp/wp-includes/class-wp-hook.php(303): leader_board_Controller->load_leader_board()
#2 /var/www/html/fb_wp/wp-includes/class-wp-hook.php(327): WP_Hook->apply_filters()
#3 /var/www/html/fb_wp/wp-includes/plugin.php(470): WP_Hook->do_action()
#4 /var/www/html/fb_wp/wp-admin/admin-ajax.php(187): do_action()
#5 {main}
  thrown in /var/www/html/fb_wp/wp-content/plugins/sports/frontend/leaderboard_controller.php on line 207

2022-03-21T11:40:08+00:00 CRITICAL Uncaught ValueError: Array sizes are inconsistent in /var/www/html/fb_wp/wp-content/plugins/sports/frontend/leaderboard_controller.php:208
Stack trace:
#0 /var/www/html/fb_wp/wp-content/plugins/sports/frontend/leaderboard_controller.php(208): array_multisort()
#1 /var/www/html/fb_wp/wp-includes/class-wp-hook.php(303): leader_board_Controller->load_leader_board()
#2 /var/www/html/fb_wp/wp-includes/class-wp-hook.php(327): WP_Hook->apply_filters()
#3 /var/www/html/fb_wp/wp-includes/plugin.php(470): WP_Hook->do_action()
#4 /var/www/html/fb_wp/wp-admin/admin-ajax.php(187): do_action()
#5 {main}
  thrown in /var/www/html/fb_wp/wp-content/plugins/sports/frontend/leaderboard_controller.php on line 208

2022-03-21T14:01:39+00:00 CRITICAL Uncaught TypeError: count(): Argument #1 ($value) must be of type Countable|array, stdClass given in /var/www/html/fb_wp/wp-content/plugins/sports/frontend/livematch_controller.php:201
Stack trace:
#0 /var/www/html/fb_wp/wp-includes/class-wp-hook.php(303): live_match_list_Controller->upcoming_match_list()
#1 /var/www/html/fb_wp/wp-includes/class-wp-hook.php(327): WP_Hook->apply_filters()
#2 /var/www/html/fb_wp/wp-includes/plugin.php(470): WP_Hook->do_action()
#3 /var/www/html/fb_wp/wp-admin/admin-ajax.php(187): do_action()
#4 {main}
  thrown in /var/www/html/fb_wp/wp-content/plugins/sports/frontend/livematch_controller.php on line 201

